#
# A fatal error has been detected by the Java Runtime Environment:
#
#  SIGSEGV (0xb) at pc=0x00007fff2047d029, pid=41688, tid=27151
#
# JRE version: Java(TM) SE Runtime Environment (8.0_45-b14) (build 1.8.0_45-b14)
# Java VM: Java HotSpot(TM) 64-Bit Server VM (25.45-b02 mixed mode bsd-amd64 compressed oops)
# Problematic frame:
# C  [libsystem_platform.dylib+0x1029]  _platform_memmove$VARIANT$Haswell+0x29
#
# Failed to write core dump. Core dumps have been disabled. To enable core dumping, try "ulimit -c unlimited" before starting Java again
#
# If you would like to submit a bug report, please visit:
#   http://bugreport.java.com/bugreport/crash.jsp
# The crash happened outside the Java Virtual Machine in native code.
# See problematic frame for where to report the bug.
#

---------------  T H R E A D  ---------------

Current thread (0x00007f9baf923000):  JavaThread "Execution worker for ':'" [_thread_in_native, id=27151, stack(0x000070000fdb3000,0x000070000feb3000)]

siginfo: si_signo: 11 (SIGSEGV), si_code: 1 (SEGV_MAPERR), si_addr: 0x000000011c131000

Registers:
RAX=0x00007f9baefb0400, RBX=0x000000011c130c8d, RCX=0x000000000000621e, RDX=0x0000000000006563
RSP=0x000070000feab640, RBP=0x000070000feab640, RSI=0x000000011c131000, RDI=0x00007f9baefb0745
R8 =0x0000000000006900, R9 =0x0000000000000000, R10=0x0000000000000a00, R11=0x00007f9a92e7f745
R12=0x000000006665526e, R13=0x00000000532a7684, R14=0x000000006e657265, R15=0x0000000000004b50
RIP=0x00007fff2047d029, EFLAGS=0x0000000000010206, ERR=0x0000000000000004
  TRAPNO=0x000000000000000e

Top of Stack: (sp=0x000070000feab640)
0x000070000feab640:   000070000feab6b0 000000010164802d
0x000070000feab650:   000000501b630431 000000000000004b
0x000070000feab660:   0000000000000201 00007f9baefb0400
0x000070000feab670:   0000000000006563 00007f9baac7a720
0x000070000feab680:   00007f9bab6533b0 00007f9baac7a720
0x000070000feab690:   00007f9babb42e00 0000000000002ec0
0x000070000feab6a0:   00000000de09f815 00007f9baabd9fc0
0x000070000feab6b0:   000070000feab710 0000000101648554
0x000070000feab6c0:   000070000feab773 000070000feab772
0x000070000feab6d0:   0000004300000000 0000004401923000
0x000070000feab6e0:   000070000feab72e 000070000feabb78
0x000070000feab6f0:   0000000000000044 000070000feab72e
0x000070000feab700:   00007f9baac7a720 00007f9baf9231f8
0x000070000feab710:   000070000feabb60 000000010164734f
0x000070000feab720:   000070000feab780 454d700000000001
0x000070000feab730:   732f464e492d4154 2f73656369767265
0x000070000feab740:   6f7263696d2e6f69 726f632e7475616e
0x000070000feab750:   2e736e6165622e65 72746e496e616542
0x000070000feab760:   6f6974636570736f 6e6572656665526e
0x000070000feab770:   00007f9bab006563 00007f9bab244100
0x000070000feab780:   00007f9bab244178 00000000000000d8
0x000070000feab790:   000070000feac400 00007f9baf923000
0x000070000feab7a0:   00007f9ba97bd480 000000011b630438
0x000070000feab7b0:   00000007b7479678 000070000feabd30
0x000070000feab7c0:   000000010000006d 00000007a49c3488
0x000070000feab7d0:   000070000feabae8 000000011b6302e8
0x000070000feab7e0:   00000007b747a900 00007f9baf923000
0x000070000feab7f0:   00000007b747a900 0000000000000001
0x000070000feab800:   0000000105e9c1d0 0000000000000061
0x000070000feab810:   00007f9baf923000 00007f9baf923000
0x000070000feab820:   0000000105e9dad8 00007f9baf923000
0x000070000feab830:   0000000105e9dad8 0000000105e9dad8 

Instructions: (pc=0x00007fff2047d029)
0x00007fff2047d009:   f3 48 89 f8 49 39 d3 72 1b 48 83 fa 60 76 2f 48
0x00007fff2047d019:   81 fa 00 40 00 00 0f 82 cb 00 00 00 48 89 d1 fc
0x00007fff2047d029:   f3 a4 5d c3 48 39 fe 74 f9 48 01 d6 48 01 d7 48
0x00007fff2047d039:   83 fa 60 0f 82 8c 01 00 00 e9 a9 01 00 00 48 83 

Register to memory mapping:

RAX=0x00007f9baefb0400 is an unknown value
RBX=0x000000011c130c8d is an unknown value
RCX=0x000000000000621e is an unknown value
RDX=0x0000000000006563 is an unknown value
RSP=0x000070000feab640 is pointing into the stack for thread: 0x00007f9baf923000
RBP=0x000070000feab640 is pointing into the stack for thread: 0x00007f9baf923000
RSI=0x000000011c131000 is an unknown value
RDI=0x00007f9baefb0745 is an unknown value
R8 =0x0000000000006900 is an unknown value
R9 =0x0000000000000000 is an unknown value
R10=0x0000000000000a00 is an unknown value
R11=0x00007f9a92e7f745 is an unknown value
R12=0x000000006665526e is an unknown value
R13=0x00000000532a7684 is an unknown value
R14=0x000000006e657265 is an unknown value
R15=0x0000000000004b50 is an unknown value


Stack: [0x000070000fdb3000,0x000070000feb3000],  sp=0x000070000feab640,  free space=993k
Native frames: (J=compiled Java code, j=interpreted, Vv=VM code, C=native code)
C  [libsystem_platform.dylib+0x1029]  _platform_memmove$VARIANT$Haswell+0x29
C  [libzip.dylib+0x302d]  newEntry+0x2c8
C  [libzip.dylib+0x3554]  ZIP_GetEntry2+0xd4
C  [libzip.dylib+0x234f]  Java_java_util_zip_ZipFile_getEntry+0xcf
J 441  java.util.zip.ZipFile.getEntry(J[BZ)J (0 bytes) @ 0x000000010abc1a4e [0x000000010abc1980+0xce]
J 651 C2 java.util.zip.ZipFile.getEntry(Ljava/lang/String;)Ljava/util/zip/ZipEntry; (86 bytes) @ 0x000000010ac537e8 [0x000000010ac534a0+0x348]

Java frames: (J=compiled Java code, j=interpreted, Vv=VM code)
J 441  java.util.zip.ZipFile.getEntry(J[BZ)J (0 bytes) @ 0x000000010abc19d8 [0x000000010abc1980+0x58]
J 651 C2 java.util.zip.ZipFile.getEntry(Ljava/lang/String;)Ljava/util/zip/ZipEntry; (86 bytes) @ 0x000000010ac537e8 [0x000000010ac534a0+0x348]
J 1011 C2 java.util.jar.JarFile.getEntry(Ljava/lang/String;)Ljava/util/zip/ZipEntry; (22 bytes) @ 0x000000010ada39d8 [0x000000010ada39a0+0x38]
j  sun.net.www.protocol.jar.URLJarFile.getEntry(Ljava/lang/String;)Ljava/util/zip/ZipEntry;+2
J 19297 C1 sun.net.www.protocol.jar.JarURLConnection.connect()V (147 bytes) @ 0x000000010d83942c [0x000000010d838ee0+0x54c]
j  sun.net.www.protocol.jar.JarURLConnection.getInputStream()Ljava/io/InputStream;+1
J 29455 C1 io.micronaut.core.io.service.SoftServiceLoader$ServiceLoaderIterator.hasNext()Z (357 bytes) @ 0x000000010c38274c [0x000000010c3817e0+0xf6c]
j  io.micronaut.core.io.service.SoftServiceLoader$1.hasNext()Z+21
j  io.micronaut.core.beans.DefaultBeanIntrospector.getIntrospections()Ljava/util/Map;+50
j  io.micronaut.core.beans.DefaultBeanIntrospector.findIntrospection(Ljava/lang/Class;)Ljava/util/Optional;+8
j  io.micronaut.core.beans.BeanWrapper.findWrapper(Ljava/lang/Class;Ljava/lang/Object;)Ljava/util/Optional;+18
j  io.micronaut.validation.validator.constraints.DefaultConstraintValidators.<init>(Lio/micronaut/context/BeanContext;)V+446
j  io.micronaut.validation.validator.constraints.DefaultConstraintValidators.<init>()V+2
j  io.micronaut.validation.validator.DefaultAnnotatedElementValidator$LocalConstraintValidators.<init>()V+1
j  io.micronaut.validation.validator.DefaultAnnotatedElementValidator$LocalConstraintValidators.<init>(Lio/micronaut/validation/validator/DefaultAnnotatedElementValidator$1;)V+1
j  io.micronaut.validation.validator.DefaultAnnotatedElementValidator.<init>()V+13
v  ~StubRoutines::call_stub
J 1794  sun.reflect.NativeConstructorAccessorImpl.newInstance0(Ljava/lang/reflect/Constructor;[Ljava/lang/Object;)Ljava/lang/Object; (0 bytes) @ 0x000000010afa4fa3 [0x000000010afa4f40+0x63]
J 19235 C2 sun.reflect.NativeConstructorAccessorImpl.newInstance([Ljava/lang/Object;)Ljava/lang/Object; (89 bytes) @ 0x000000010d7e1628 [0x000000010d7e15c0+0x68]
J 16031 C2 java.lang.reflect.Constructor.newInstance([Ljava/lang/Object;)Ljava/lang/Object; (87 bytes) @ 0x000000010b8bce8c [0x000000010b8bcde0+0xac]
j  io.micronaut.core.io.service.DefaultServiceDefinition.lambda$load$0(Ljava/lang/Class;)Ljava/lang/Object;+12
j  io.micronaut.core.io.service.DefaultServiceDefinition$$Lambda$4887.apply(Ljava/lang/Object;)Ljava/lang/Object;+4
J 20069 C2 java.util.Optional.map(Ljava/util/function/Function;)Ljava/util/Optional; (30 bytes) @ 0x000000010dafeacc [0x000000010dafea60+0x6c]
j  io.micronaut.core.io.service.DefaultServiceDefinition.load()Ljava/lang/Object;+9
j  io.micronaut.annotation.processing.AnnotationUtils.<init>(Ljavax/annotation/processing/ProcessingEnvironment;Ljavax/lang/model/util/Elements;Ljavax/annotation/processing/Messager;Ljavax/lang/model/util/Types;Lio/micronaut/annotation/processing/ModelUtils;Lio/micronaut/annotation/processing/GenericUtils;Ljavax/annotation/processing/Filer;Lio/micronaut/core/convert/value/MutableConvertibleValues;)V+100
j  io.micronaut.annotation.processing.AbstractInjectAnnotationProcessor.init(Ljavax/annotation/processing/ProcessingEnvironment;)V+136
j  io.micronaut.annotation.processing.TypeElementVisitorProcessor.init(Ljavax/annotation/processing/ProcessingEnvironment;)V+2
j  org.gradle.api.internal.tasks.compile.processing.DelegatingProcessor.init(Ljavax/annotation/processing/ProcessingEnvironment;)V+5
j  org.gradle.api.internal.tasks.compile.processing.DynamicProcessor.init(Ljavax/annotation/processing/ProcessingEnvironment;)V+30
j  org.gradle.api.internal.tasks.compile.processing.DelegatingProcessor.init(Ljavax/annotation/processing/ProcessingEnvironment;)V+5
j  org.gradle.api.internal.tasks.compile.processing.TimeTrackingProcessor.access$301(Lorg/gradle/api/internal/tasks/compile/processing/TimeTrackingProcessor;Ljavax/annotation/processing/ProcessingEnvironment;)V+2
j  org.gradle.api.internal.tasks.compile.processing.TimeTrackingProcessor$4.create()Ljava/lang/Void;+8
j  org.gradle.api.internal.tasks.compile.processing.TimeTrackingProcessor$4.create()Ljava/lang/Object;+1
j  org.gradle.api.internal.tasks.compile.processing.TimeTrackingProcessor.track(Lorg/gradle/internal/Factory;)Ljava/lang/Object;+9
j  org.gradle.api.internal.tasks.compile.processing.TimeTrackingProcessor.init(Ljavax/annotation/processing/ProcessingEnvironment;)V+10
j  com.sun.tools.javac.processing.JavacProcessingEnvironment$ProcessorState.<init>(Ljavax/annotation/processing/Processor;Lcom/sun/tools/javac/util/Log;Lcom/sun/tools/javac/code/Source;Ljavax/annotation/processing/ProcessingEnvironment;)V+20
j  com.sun.tools.javac.processing.JavacProcessingEnvironment$DiscoveredProcessors$ProcessorStateIterator.next()Lcom/sun/tools/javac/processing/JavacProcessingEnvironment$ProcessorState;+98
j  com.sun.tools.javac.processing.JavacProcessingEnvironment.discoverAndRunProcs(Lcom/sun/tools/javac/util/Context;Ljava/util/Set;Lcom/sun/tools/javac/util/List;Lcom/sun/tools/javac/util/List;)V+167
j  com.sun.tools.javac.processing.JavacProcessingEnvironment.access$1800(Lcom/sun/tools/javac/processing/JavacProcessingEnvironment;Lcom/sun/tools/javac/util/Context;Ljava/util/Set;Lcom/sun/tools/javac/util/List;Lcom/sun/tools/javac/util/List;)V+6
j  com.sun.tools.javac.processing.JavacProcessingEnvironment$Round.run(ZZ)V+111
j  com.sun.tools.javac.processing.JavacProcessingEnvironment.doProcessing(Lcom/sun/tools/javac/util/Context;Lcom/sun/tools/javac/util/List;Lcom/sun/tools/javac/util/List;Ljava/lang/Iterable;Lcom/sun/tools/javac/util/Log$DeferredDiagnosticHandler;)Lcom/sun/tools/javac/main/JavaCompiler;+89
j  com.sun.tools.javac.main.JavaCompiler.processAnnotations(Lcom/sun/tools/javac/util/List;Lcom/sun/tools/javac/util/List;)Lcom/sun/tools/javac/main/JavaCompiler;+461
j  com.sun.tools.javac.main.JavaCompiler.compile(Lcom/sun/tools/javac/util/List;Lcom/sun/tools/javac/util/List;Ljava/lang/Iterable;)V+155
j  com.sun.tools.javac.main.Main.compile([Ljava/lang/String;[Ljava/lang/String;Lcom/sun/tools/javac/util/Context;Lcom/sun/tools/javac/util/List;Ljava/lang/Iterable;)Lcom/sun/tools/javac/main/Main$Result;+1299
j  com.sun.tools.javac.api.JavacTaskImpl.doCall()Lcom/sun/tools/javac/main/Main$Result;+59
j  com.sun.tools.javac.api.JavacTaskImpl.call()Ljava/lang/Boolean;+1
j  org.gradle.internal.compiler.java.IncrementalCompileTask.call()Ljava/lang/Boolean;+55
j  org.gradle.api.internal.tasks.compile.AnnotationProcessingCompileTask.call()Ljava/lang/Boolean;+30
j  org.gradle.api.internal.tasks.compile.ResourceCleaningCompilationTask.call()Ljava/lang/Boolean;+4
j  org.gradle.api.internal.tasks.compile.JdkJavaCompiler.execute(Lorg/gradle/api/internal/tasks/compile/JavaCompileSpec;)Lorg/gradle/api/tasks/WorkResult;+26
j  org.gradle.api.internal.tasks.compile.JdkJavaCompiler.execute(Lorg/gradle/language/base/internal/compile/CompileSpec;)Lorg/gradle/api/tasks/WorkResult;+5
j  org.gradle.api.internal.tasks.compile.NormalizingJavaCompiler.delegateAndHandleErrors(Lorg/gradle/api/internal/tasks/compile/JavaCompileSpec;)Lorg/gradle/api/tasks/WorkResult;+5
j  org.gradle.api.internal.tasks.compile.NormalizingJavaCompiler.execute(Lorg/gradle/api/internal/tasks/compile/JavaCompileSpec;)Lorg/gradle/api/tasks/WorkResult;+22
j  org.gradle.api.internal.tasks.compile.NormalizingJavaCompiler.execute(Lorg/gradle/language/base/internal/compile/CompileSpec;)Lorg/gradle/api/tasks/WorkResult;+5
j  org.gradle.api.internal.tasks.compile.AnnotationProcessorDiscoveringCompiler.execute(Lorg/gradle/api/internal/tasks/compile/JavaCompileSpec;)Lorg/gradle/api/tasks/WorkResult;+18
j  org.gradle.api.internal.tasks.compile.AnnotationProcessorDiscoveringCompiler.execute(Lorg/gradle/language/base/internal/compile/CompileSpec;)Lorg/gradle/api/tasks/WorkResult;+5
j  org.gradle.api.internal.tasks.compile.ModuleApplicationNameWritingCompiler.execute(Lorg/gradle/api/internal/tasks/compile/JavaCompileSpec;)Lorg/gradle/api/tasks/WorkResult;+5
j  org.gradle.api.internal.tasks.compile.ModuleApplicationNameWritingCompiler.execute(Lorg/gradle/language/base/internal/compile/CompileSpec;)Lorg/gradle/api/tasks/WorkResult;+5
j  org.gradle.jvm.toolchain.internal.DefaultToolchainJavaCompiler.execute(Lorg/gradle/language/base/internal/compile/CompileSpec;)Lorg/gradle/api/tasks/WorkResult;+33
j  org.gradle.api.tasks.compile.JavaCompile.lambda$createToolchainCompiler$1(Lorg/gradle/language/base/internal/compile/CompileSpec;)Lorg/gradle/api/tasks/WorkResult;+17
j  org.gradle.api.tasks.compile.JavaCompile$$Lambda$814.execute(Lorg/gradle/language/base/internal/compile/CompileSpec;)Lorg/gradle/api/tasks/WorkResult;+5
j  org.gradle.api.internal.tasks.compile.CleaningJavaCompiler.execute(Lorg/gradle/api/internal/tasks/compile/JavaCompileSpec;)Lorg/gradle/api/tasks/WorkResult;+72
j  org.gradle.api.internal.tasks.compile.incremental.IncrementalCompilerFactory.lambda$createRebuildAllCompiler$0(Lorg/gradle/api/file/FileTree;Lorg/gradle/api/internal/tasks/compile/CleaningJavaCompiler;Lorg/gradle/api/internal/tasks/compile/JavaCompileSpec;)Lorg/gradle/api/tasks/WorkResult;+9
j  org.gradle.api.internal.tasks.compile.incremental.IncrementalCompilerFactory$$Lambda$817.execute(Lorg/gradle/language/base/internal/compile/CompileSpec;)Lorg/gradle/api/tasks/WorkResult;+12
j  org.gradle.api.internal.tasks.compile.incremental.SelectiveCompiler.execute(Lorg/gradle/api/internal/tasks/compile/JavaCompileSpec;)Lorg/gradle/api/tasks/WorkResult;+27
j  org.gradle.api.internal.tasks.compile.incremental.SelectiveCompiler.execute(Lorg/gradle/language/base/internal/compile/CompileSpec;)Lorg/gradle/api/tasks/WorkResult;+5
j  org.gradle.api.internal.tasks.compile.incremental.IncrementalResultStoringCompiler.execute(Lorg/gradle/api/internal/tasks/compile/JavaCompileSpec;)Lorg/gradle/api/tasks/WorkResult;+5
j  org.gradle.api.internal.tasks.compile.incremental.IncrementalResultStoringCompiler.execute(Lorg/gradle/language/base/internal/compile/CompileSpec;)Lorg/gradle/api/tasks/WorkResult;+5
j  org.gradle.api.internal.tasks.compile.CompileJavaBuildOperationReportingCompiler$2.call(Lorg/gradle/internal/operations/BuildOperationContext;)Lorg/gradle/api/tasks/WorkResult;+11
j  org.gradle.api.internal.tasks.compile.CompileJavaBuildOperationReportingCompiler$2.call(Lorg/gradle/internal/operations/BuildOperationContext;)Ljava/lang/Object;+2
J 24385 C1 org.gradle.internal.operations.DefaultBuildOperationRunner$CallableBuildOperationWorker.execute(Lorg/gradle/internal/operations/BuildOperation;Lorg/gradle/internal/operations/BuildOperationContext;)V (10 bytes) @ 0x000000010e7a6dc4 [0x000000010e7a6b60+0x264]
J 4431 C1 org.gradle.internal.operations.DefaultBuildOperationRunner$3.execute(Lorg/gradle/internal/operations/BuildOperationDescriptor;Lorg/gradle/internal/operations/BuildOperationState;Lorg/gradle/internal/operations/BuildOperationState;Lorg/gradle/internal/operations/DefaultBuildOperationRunner$ReadableBuildOperationContext;Lorg/gradle/internal/operations/DefaultBuildOperationRunner$BuildOperationExecutionListener;)Lorg/gradle/internal/operations/BuildOperation; (110 bytes) @ 0x000000010b9ab874 [0x000000010b9ab680+0x1f4]
J 24801 C1 org.gradle.internal.operations.DefaultBuildOperationRunner.execute(Lorg/gradle/internal/operations/BuildOperationDescriptor$Builder;Lorg/gradle/internal/operations/BuildOperationState;Lorg/gradle/internal/operations/DefaultBuildOperationRunner$BuildOperationExecution;)Ljava/lang/Object; (140 bytes) @ 0x000000010d02c634 [0x000000010d02b700+0xf34]
J 24383 C1 org.gradle.internal.operations.DefaultBuildOperationRunner.call(Lorg/gradle/internal/operations/CallableBuildOperation;)Ljava/lang/Object; (24 bytes) @ 0x000000010e7a7964 [0x000000010e7a7240+0x724]
J 4998 C1 org.gradle.internal.operations.DefaultBuildOperationExecutor.call(Lorg/gradle/internal/operations/CallableBuildOperation;)Ljava/lang/Object; (19 bytes) @ 0x000000010ba8f4ec [0x000000010ba8f300+0x1ec]
j  org.gradle.api.internal.tasks.compile.CompileJavaBuildOperationReportingCompiler.execute(Lorg/gradle/api/internal/tasks/compile/JavaCompileSpec;)Lorg/gradle/api/tasks/WorkResult;+13
j  org.gradle.api.tasks.compile.JavaCompile.performCompilation(Lorg/gradle/api/internal/tasks/compile/JavaCompileSpec;Lorg/gradle/language/base/internal/compile/Compiler;)Lorg/gradle/api/tasks/WorkResult;+24
j  org.gradle.api.tasks.compile.JavaCompile.performIncrementalCompilation(Lorg/gradle/work/InputChanges;Lorg/gradle/api/internal/tasks/compile/DefaultJavaCompileSpec;)V+75
j  org.gradle.api.tasks.compile.JavaCompile.compile(Lorg/gradle/work/InputChanges;)V+26
v  ~StubRoutines::call_stub
J 2683  sun.reflect.NativeMethodAccessorImpl.invoke0(Ljava/lang/reflect/Method;Ljava/lang/Object;[Ljava/lang/Object;)Ljava/lang/Object; (0 bytes) @ 0x000000010b338237 [0x000000010b3381c0+0x77]
J 20196 C2 sun.reflect.NativeMethodAccessorImpl.invoke(Ljava/lang/Object;[Ljava/lang/Object;)Ljava/lang/Object; (104 bytes) @ 0x000000010db66674 [0x000000010db66600+0x74]
J 7205 C2 java.lang.reflect.Method.invoke(Ljava/lang/Object;[Ljava/lang/Object;)Ljava/lang/Object; (62 bytes) @ 0x000000010b1d7a0c [0x000000010b1d7980+0x8c]
J 1834 C1 org.gradle.internal.reflect.JavaMethod.invoke(Ljava/lang/Object;[Ljava/lang/Object;)Ljava/lang/Object; (74 bytes) @ 0x000000010afcd7fc [0x000000010afcd6e0+0x11c]
j  org.gradle.api.internal.project.taskfactory.IncrementalInputsTaskAction.doExecute(Lorg/gradle/api/Task;Ljava/lang/String;)V+28
j  org.gradle.api.internal.project.taskfactory.StandardTaskAction.execute(Lorg/gradle/api/Task;)V+32
j  org.gradle.api.internal.project.taskfactory.AbstractIncrementalTaskAction.execute(Lorg/gradle/api/Task;)V+2
j  org.gradle.api.internal.project.taskfactory.StandardTaskAction.execute(Ljava/lang/Object;)V+5
j  org.gradle.api.internal.tasks.execution.ExecuteActionsTaskExecuter$2.run(Lorg/gradle/internal/operations/BuildOperationContext;)V+23
J 4439 C1 org.gradle.internal.operations.DefaultBuildOperationRunner$1.execute(Lorg/gradle/internal/operations/BuildOperation;Lorg/gradle/internal/operations/BuildOperationContext;)V (10 bytes) @ 0x000000010b9b536c [0x000000010b9b5120+0x24c]
J 4431 C1 org.gradle.internal.operations.DefaultBuildOperationRunner$3.execute(Lorg/gradle/internal/operations/BuildOperationDescriptor;Lorg/gradle/internal/operations/BuildOperationState;Lorg/gradle/internal/operations/BuildOperationState;Lorg/gradle/internal/operations/DefaultBuildOperationRunner$ReadableBuildOperationContext;Lorg/gradle/internal/operations/DefaultBuildOperationRunner$BuildOperationExecutionListener;)Lorg/gradle/internal/operations/BuildOperation; (110 bytes) @ 0x000000010b9ab874 [0x000000010b9ab680+0x1f4]
J 24801 C1 org.gradle.internal.operations.DefaultBuildOperationRunner.execute(Lorg/gradle/internal/operations/BuildOperationDescriptor$Builder;Lorg/gradle/internal/operations/BuildOperationState;Lorg/gradle/internal/operations/DefaultBuildOperationRunner$BuildOperationExecution;)Ljava/lang/Object; (140 bytes) @ 0x000000010d02c634 [0x000000010d02b700+0xf34]
J 4367 C1 org.gradle.internal.operations.DefaultBuildOperationRunner.run(Lorg/gradle/internal/operations/RunnableBuildOperation;)V (13 bytes) @ 0x000000010b98d0a4 [0x000000010b98caa0+0x604]
J 4362 C1 org.gradle.internal.operations.DefaultBuildOperationExecutor.run(Lorg/gradle/internal/operations/RunnableBuildOperation;)V (19 bytes) @ 0x000000010b9866b4 [0x000000010b985d00+0x9b4]
j  org.gradle.api.internal.tasks.execution.ExecuteActionsTaskExecuter.executeAction(Ljava/lang/String;Lorg/gradle/api/internal/TaskInternal;Lorg/gradle/api/internal/tasks/InputChangesAwareTaskAction;Lorg/gradle/internal/execution/history/changes/InputChangesInternal;Z)V+30
j  org.gradle.api.internal.tasks.execution.ExecuteActionsTaskExecuter.executeActions(Lorg/gradle/api/internal/TaskInternal;Lorg/gradle/internal/execution/history/changes/InputChangesInternal;)V+131
j  org.gradle.api.internal.tasks.execution.ExecuteActionsTaskExecuter.access$300(Lorg/gradle/api/internal/tasks/execution/ExecuteActionsTaskExecuter;Lorg/gradle/api/internal/TaskInternal;Lorg/gradle/internal/execution/history/changes/InputChangesInternal;)V+3
j  org.gradle.api.internal.tasks.execution.ExecuteActionsTaskExecuter$TaskExecution.executeWithPreviousOutputFiles(Lorg/gradle/internal/execution/history/changes/InputChangesInternal;)Lorg/gradle/internal/execution/UnitOfWork$WorkResult;+52
j  org.gradle.api.internal.tasks.execution.ExecuteActionsTaskExecuter$TaskExecution.execute(Lorg/gradle/internal/execution/UnitOfWork$ExecutionRequest;)Lorg/gradle/internal/execution/UnitOfWork$WorkOutput;+70
j  org.gradle.internal.execution.steps.ExecuteStep.executeInternal(Lorg/gradle/internal/execution/UnitOfWork;Lorg/gradle/internal/execution/steps/InputChangesContext;)Lorg/gradle/internal/execution/steps/Result;+16
j  org.gradle.internal.execution.steps.ExecuteStep.access$000(Lorg/gradle/internal/execution/UnitOfWork;Lorg/gradle/internal/execution/steps/InputChangesContext;)Lorg/gradle/internal/execution/steps/Result;+2
j  org.gradle.internal.execution.steps.ExecuteStep$1.call(Lorg/gradle/internal/operations/BuildOperationContext;)Lorg/gradle/internal/execution/steps/Result;+8
j  org.gradle.internal.execution.steps.ExecuteStep$1.call(Lorg/gradle/internal/operations/BuildOperationContext;)Ljava/lang/Object;+2
J 24385 C1 org.gradle.internal.operations.DefaultBuildOperationRunner$CallableBuildOperationWorker.execute(Lorg/gradle/internal/operations/BuildOperation;Lorg/gradle/internal/operations/BuildOperationContext;)V (10 bytes) @ 0x000000010e7a6dc4 [0x000000010e7a6b60+0x264]
J 4431 C1 org.gradle.internal.operations.DefaultBuildOperationRunner$3.execute(Lorg/gradle/internal/operations/BuildOperationDescriptor;Lorg/gradle/internal/operations/BuildOperationState;Lorg/gradle/internal/operations/BuildOperationState;Lorg/gradle/internal/operations/DefaultBuildOperationRunner$ReadableBuildOperationContext;Lorg/gradle/internal/operations/DefaultBuildOperationRunner$BuildOperationExecutionListener;)Lorg/gradle/internal/operations/BuildOperation; (110 bytes) @ 0x000000010b9ab874 [0x000000010b9ab680+0x1f4]
J 24801 C1 org.gradle.internal.operations.DefaultBuildOperationRunner.execute(Lorg/gradle/internal/operations/BuildOperationDescriptor$Builder;Lorg/gradle/internal/operations/BuildOperationState;Lorg/gradle/internal/operations/DefaultBuildOperationRunner$BuildOperationExecution;)Ljava/lang/Object; (140 bytes) @ 0x000000010d02c634 [0x000000010d02b700+0xf34]
J 24383 C1 org.gradle.internal.operations.DefaultBuildOperationRunner.call(Lorg/gradle/internal/operations/CallableBuildOperation;)Ljava/lang/Object; (24 bytes) @ 0x000000010e7a7964 [0x000000010e7a7240+0x724]
J 4998 C1 org.gradle.internal.operations.DefaultBuildOperationExecutor.call(Lorg/gradle/internal/operations/CallableBuildOperation;)Ljava/lang/Object; (19 bytes) @ 0x000000010ba8f4ec [0x000000010ba8f300+0x1ec]
j  org.gradle.internal.execution.steps.ExecuteStep.execute(Lorg/gradle/internal/execution/UnitOfWork;Lorg/gradle/internal/execution/steps/InputChangesContext;)Lorg/gradle/internal/execution/steps/Result;+14
j  org.gradle.internal.execution.steps.ExecuteStep.execute(Lorg/gradle/internal/execution/UnitOfWork;Lorg/gradle/internal/execution/steps/Context;)Lorg/gradle/internal/execution/steps/Result;+6
j  org.gradle.internal.execution.steps.RemovePreviousOutputsStep.execute(Lorg/gradle/internal/execution/UnitOfWork;Lorg/gradle/internal/execution/steps/InputChangesContext;)Lorg/gradle/internal/execution/steps/Result;+61
j  org.gradle.internal.execution.steps.RemovePreviousOutputsStep.execute(Lorg/gradle/internal/execution/UnitOfWork;Lorg/gradle/internal/execution/steps/Context;)Lorg/gradle/internal/execution/steps/Result;+6
j  org.gradle.internal.execution.steps.ResolveInputChangesStep.execute(Lorg/gradle/internal/execution/UnitOfWork;Lorg/gradle/internal/execution/steps/IncrementalChangesContext;)Lorg/gradle/internal/execution/steps/Result;+43
j  org.gradle.internal.execution.steps.ResolveInputChangesStep.execute(Lorg/gradle/internal/execution/UnitOfWork;Lorg/gradle/internal/execution/steps/Context;)Lorg/gradle/internal/execution/steps/Result;+6
j  org.gradle.internal.execution.steps.CancelExecutionStep.execute(Lorg/gradle/internal/execution/UnitOfWork;Lorg/gradle/internal/execution/steps/Context;)Lorg/gradle/internal/execution/steps/Result;+35
j  org.gradle.internal.execution.steps.TimeoutStep.executeWithoutTimeout(Lorg/gradle/internal/execution/UnitOfWork;Lorg/gradle/internal/execution/steps/Context;)Lorg/gradle/internal/execution/steps/Result;+6
j  org.gradle.internal.execution.steps.TimeoutStep.execute(Lorg/gradle/internal/execution/UnitOfWork;Lorg/gradle/internal/execution/steps/Context;)Lorg/gradle/internal/execution/steps/Result;+92
j  org.gradle.internal.execution.steps.CreateOutputsStep.execute(Lorg/gradle/internal/execution/UnitOfWork;Lorg/gradle/internal/execution/steps/WorkspaceContext;)Lorg/gradle/internal/execution/steps/Result;+26
j  org.gradle.internal.execution.steps.CreateOutputsStep.execute(Lorg/gradle/internal/execution/UnitOfWork;Lorg/gradle/internal/execution/steps/Context;)Lorg/gradle/internal/execution/steps/Result;+6
j  org.gradle.internal.execution.steps.CaptureStateAfterExecutionStep.execute(Lorg/gradle/internal/execution/UnitOfWork;Lorg/gradle/internal/execution/steps/BeforeExecutionContext;)Lorg/gradle/internal/execution/steps/CurrentSnapshotResult;+6
j  org.gradle.internal.execution.steps.CaptureStateAfterExecutionStep.execute(Lorg/gradle/internal/execution/UnitOfWork;Lorg/gradle/internal/execution/steps/Context;)Lorg/gradle/internal/execution/steps/Result;+6
j  org.gradle.internal.execution.steps.BroadcastChangingOutputsStep.execute(Lorg/gradle/internal/execution/UnitOfWork;Lorg/gradle/internal/execution/steps/WorkspaceContext;)Lorg/gradle/internal/execution/steps/Result;+44
j  org.gradle.internal.execution.steps.BroadcastChangingOutputsStep.execute(Lorg/gradle/internal/execution/UnitOfWork;Lorg/gradle/internal/execution/steps/Context;)Lorg/gradle/internal/execution/steps/Result;+6
j  org.gradle.internal.execution.steps.BuildCacheStep.executeWithoutCache(Lorg/gradle/internal/execution/UnitOfWork;Lorg/gradle/internal/execution/steps/IncrementalChangesContext;)Lorg/gradle/internal/execution/steps/CurrentSnapshotResult;+6
j  org.gradle.internal.execution.steps.BuildCacheStep.execute(Lorg/gradle/internal/execution/UnitOfWork;Lorg/gradle/internal/execution/steps/IncrementalChangesContext;)Lorg/gradle/internal/execution/steps/CurrentSnapshotResult;+43
j  org.gradle.internal.execution.steps.BuildCacheStep.execute(Lorg/gradle/internal/execution/UnitOfWork;Lorg/gradle/internal/execution/steps/Context;)Lorg/gradle/internal/execution/steps/Result;+6
j  org.gradle.internal.execution.steps.StoreExecutionStateStep.execute(Lorg/gradle/internal/execution/UnitOfWork;Lorg/gradle/internal/execution/steps/BeforeExecutionContext;)Lorg/gradle/internal/execution/steps/CurrentSnapshotResult;+6
j  org.gradle.internal.execution.steps.StoreExecutionStateStep.execute(Lorg/gradle/internal/execution/UnitOfWork;Lorg/gradle/internal/execution/steps/Context;)Lorg/gradle/internal/execution/steps/Result;+6
j  org.gradle.internal.execution.steps.RecordOutputsStep.execute(Lorg/gradle/internal/execution/UnitOfWork;Lorg/gradle/internal/execution/steps/Context;)Lorg/gradle/internal/execution/steps/CurrentSnapshotResult;+6
j  org.gradle.internal.execution.steps.RecordOutputsStep.execute(Lorg/gradle/internal/execution/UnitOfWork;Lorg/gradle/internal/execution/steps/Context;)Lorg/gradle/internal/execution/steps/Result;+3
j  org.gradle.internal.execution.steps.SkipUpToDateStep.executeBecause(Lorg/gradle/internal/execution/UnitOfWork;Lcom/google/common/collect/ImmutableList;Lorg/gradle/internal/execution/steps/IncrementalChangesContext;)Lorg/gradle/internal/execution/steps/UpToDateResult;+12
j  org.gradle.internal.execution.steps.SkipUpToDateStep.lambda$execute$0(Lorg/gradle/internal/execution/UnitOfWork;Lorg/gradle/internal/execution/steps/IncrementalChangesContext;Lorg/gradle/internal/execution/history/changes/ExecutionStateChanges;)Lorg/gradle/internal/execution/steps/UpToDateResult;+75
j  org.gradle.internal.execution.steps.SkipUpToDateStep$$Lambda$721.apply(Ljava/lang/Object;)Ljava/lang/Object;+16
J 20069 C2 java.util.Optional.map(Ljava/util/function/Function;)Ljava/util/Optional; (30 bytes) @ 0x000000010dafeacc [0x000000010dafea60+0x6c]
j  org.gradle.internal.execution.steps.SkipUpToDateStep.execute(Lorg/gradle/internal/execution/UnitOfWork;Lorg/gradle/internal/execution/steps/IncrementalChangesContext;)Lorg/gradle/internal/execution/steps/UpToDateResult;+41
j  org.gradle.internal.execution.steps.SkipUpToDateStep.execute(Lorg/gradle/internal/execution/UnitOfWork;Lorg/gradle/internal/execution/steps/Context;)Lorg/gradle/internal/execution/steps/Result;+6
j  org.gradle.internal.execution.steps.ResolveChangesStep.execute(Lorg/gradle/internal/execution/UnitOfWork;Lorg/gradle/internal/execution/steps/CachingContext;)Lorg/gradle/internal/execution/steps/Result;+57
j  org.gradle.internal.execution.steps.ResolveChangesStep.execute(Lorg/gradle/internal/execution/UnitOfWork;Lorg/gradle/internal/execution/steps/Context;)Lorg/gradle/internal/execution/steps/Result;+6
j  org.gradle.internal.execution.steps.legacy.MarkSnapshottingInputsFinishedStep.execute(Lorg/gradle/internal/execution/UnitOfWork;Lorg/gradle/internal/execution/steps/CachingContext;)Lorg/gradle/internal/execution/steps/Result;+18
j  org.gradle.internal.execution.steps.legacy.MarkSnapshottingInputsFinishedStep.execute(Lorg/gradle/internal/execution/UnitOfWork;Lorg/gradle/internal/execution/steps/Context;)Lorg/gradle/internal/execution/steps/Result;+6
j  org.gradle.internal.execution.steps.ResolveCachingStateStep.execute(Lorg/gradle/internal/execution/UnitOfWork;Lorg/gradle/internal/execution/steps/ValidationFinishedContext;)Lorg/gradle/internal/execution/steps/CachingResult;+133
j  org.gradle.internal.execution.steps.ResolveCachingStateStep.execute(Lorg/gradle/internal/execution/UnitOfWork;Lorg/gradle/internal/execution/steps/Context;)Lorg/gradle/internal/execution/steps/Result;+6
j  org.gradle.internal.execution.steps.ValidateStep.execute(Lorg/gradle/internal/execution/UnitOfWork;Lorg/gradle/internal/execution/steps/BeforeExecutionContext;)Lorg/gradle/internal/execution/steps/Result;+232
j  org.gradle.internal.execution.steps.ValidateStep.execute(Lorg/gradle/internal/execution/UnitOfWork;Lorg/gradle/internal/execution/steps/Context;)Lorg/gradle/internal/execution/steps/Result;+6
j  org.gradle.internal.execution.steps.CaptureStateBeforeExecutionStep.execute(Lorg/gradle/internal/execution/UnitOfWork;Lorg/gradle/internal/execution/steps/AfterPreviousExecutionContext;)Lorg/gradle/internal/execution/steps/CachingResult;+33
j  org.gradle.internal.execution.steps.CaptureStateBeforeExecutionStep.execute(Lorg/gradle/internal/execution/UnitOfWork;Lorg/gradle/internal/execution/steps/Context;)Lorg/gradle/internal/execution/steps/Result;+6
j  org.gradle.internal.execution.steps.SkipEmptyWorkStep.lambda$execute$2(Lorg/gradle/internal/execution/UnitOfWork;Lorg/gradle/internal/execution/steps/AfterPreviousExecutionContext;)Lorg/gradle/internal/execution/steps/CachingResult;+6
j  org.gradle.internal.execution.steps.SkipEmptyWorkStep$$Lambda$660.get()Ljava/lang/Object;+12
J 25816 C2 java.util.Optional.orElseGet(Ljava/util/function/Supplier;)Ljava/lang/Object; (21 bytes) @ 0x000000010db34b3c [0x000000010db34ae0+0x5c]
j  org.gradle.internal.execution.steps.SkipEmptyWorkStep.execute(Lorg/gradle/internal/execution/UnitOfWork;Lorg/gradle/internal/execution/steps/AfterPreviousExecutionContext;)Lorg/gradle/internal/execution/steps/CachingResult;+60
j  org.gradle.internal.execution.steps.SkipEmptyWorkStep.execute(Lorg/gradle/internal/execution/UnitOfWork;Lorg/gradle/internal/execution/steps/Context;)Lorg/gradle/internal/execution/steps/Result;+6
j  org.gradle.internal.execution.steps.legacy.MarkSnapshottingInputsStartedStep.execute(Lorg/gradle/internal/execution/UnitOfWork;Lorg/gradle/internal/execution/steps/Context;)Lorg/gradle/internal/execution/steps/Result;+12
j  org.gradle.internal.execution.steps.LoadExecutionStateStep.execute(Lorg/gradle/internal/execution/UnitOfWork;Lorg/gradle/internal/execution/steps/WorkspaceContext;)Lorg/gradle/internal/execution/steps/Result;+40
j  org.gradle.internal.execution.steps.LoadExecutionStateStep.execute(Lorg/gradle/internal/execution/UnitOfWork;Lorg/gradle/internal/execution/steps/Context;)Lorg/gradle/internal/execution/steps/Result;+6
j  org.gradle.internal.execution.steps.AssignWorkspaceStep.lambda$execute$0(Lorg/gradle/internal/execution/UnitOfWork;Lorg/gradle/internal/execution/steps/IdentityContext;Ljava/io/File;Lorg/gradle/internal/execution/history/ExecutionHistoryStore;)Lorg/gradle/internal/execution/steps/Result;+17
j  org.gradle.internal.execution.steps.AssignWorkspaceStep$$Lambda$651.executeInWorkspace(Ljava/io/File;Lorg/gradle/internal/execution/history/ExecutionHistoryStore;)Ljava/lang/Object;+14
j  org.gradle.api.internal.tasks.execution.ExecuteActionsTaskExecuter$TaskExecution$2.withWorkspace(Ljava/lang/String;Lorg/gradle/internal/execution/workspace/WorkspaceProvider$WorkspaceAction;)Ljava/lang/Object;+31
j  org.gradle.internal.execution.steps.AssignWorkspaceStep.execute(Lorg/gradle/internal/execution/UnitOfWork;Lorg/gradle/internal/execution/steps/IdentityContext;)Lorg/gradle/internal/execution/steps/Result;+27
j  org.gradle.internal.execution.steps.AssignWorkspaceStep.execute(Lorg/gradle/internal/execution/UnitOfWork;Lorg/gradle/internal/execution/steps/Context;)Lorg/gradle/internal/execution/steps/Result;+6
j  org.gradle.internal.execution.steps.IdentityCacheStep.execute(Lorg/gradle/internal/execution/UnitOfWork;Lorg/gradle/internal/execution/steps/IdentityContext;)Lorg/gradle/internal/execution/steps/Result;+6
j  org.gradle.internal.execution.steps.IdentityCacheStep.execute(Lorg/gradle/internal/execution/UnitOfWork;Lorg/gradle/internal/execution/steps/Context;)Lorg/gradle/internal/execution/steps/Result;+6
j  org.gradle.internal.execution.steps.IdentifyStep.execute(Lorg/gradle/internal/execution/UnitOfWork;Lorg/gradle/internal/execution/steps/ExecutionRequestContext;)Lorg/gradle/internal/execution/steps/Result;+11
j  org.gradle.internal.execution.steps.IdentifyStep.execute(Lorg/gradle/internal/execution/UnitOfWork;Lorg/gradle/internal/execution/steps/Context;)Lorg/gradle/internal/execution/steps/Result;+6
j  org.gradle.internal.execution.impl.DefaultExecutionEngine$1.execute()Lorg/gradle/internal/execution/ExecutionEngine$Result;+15
j  org.gradle.api.internal.tasks.execution.ExecuteActionsTaskExecuter.executeIfValid(Lorg/gradle/api/internal/TaskInternal;Lorg/gradle/api/internal/tasks/TaskStateInternal;Lorg/gradle/api/internal/tasks/TaskExecutionContext;Lorg/gradle/api/internal/tasks/execution/ExecuteActionsTaskExecuter$TaskExecution;)Lorg/gradle/api/internal/tasks/TaskExecuterResult;+52
j  org.gradle.api.internal.tasks.execution.ExecuteActionsTaskExecuter.execute(Lorg/gradle/api/internal/TaskInternal;Lorg/gradle/api/internal/tasks/TaskStateInternal;Lorg/gradle/api/internal/tasks/TaskExecutionContext;)Lorg/gradle/api/internal/tasks/TaskExecuterResult;+30
j  org.gradle.api.internal.tasks.execution.CleanupStaleOutputsExecuter.execute(Lorg/gradle/api/internal/TaskInternal;Lorg/gradle/api/internal/tasks/TaskStateInternal;Lorg/gradle/api/internal/tasks/TaskExecutionContext;)Lorg/gradle/api/internal/tasks/TaskExecuterResult;+216
j  org.gradle.api.internal.tasks.execution.FinalizePropertiesTaskExecuter.execute(Lorg/gradle/api/internal/TaskInternal;Lorg/gradle/api/internal/tasks/TaskStateInternal;Lorg/gradle/api/internal/tasks/TaskExecutionContext;)Lorg/gradle/api/internal/tasks/TaskExecuterResult;+61
j  org.gradle.api.internal.tasks.execution.ResolveTaskExecutionModeExecuter.execute(Lorg/gradle/api/internal/TaskInternal;Lorg/gradle/api/internal/tasks/TaskStateInternal;Lorg/gradle/api/internal/tasks/TaskExecutionContext;)Lorg/gradle/api/internal/tasks/TaskExecuterResult;+56
j  org.gradle.api.internal.tasks.execution.SkipTaskWithNoActionsExecuter.execute(Lorg/gradle/api/internal/TaskInternal;Lorg/gradle/api/internal/tasks/TaskStateInternal;Lorg/gradle/api/internal/tasks/TaskExecutionContext;)Lorg/gradle/api/internal/tasks/TaskExecuterResult;+120
j  org.gradle.api.internal.tasks.execution.SkipOnlyIfTaskExecuter.execute(Lorg/gradle/api/internal/TaskInternal;Lorg/gradle/api/internal/tasks/TaskStateInternal;Lorg/gradle/api/internal/tasks/TaskExecutionContext;)Lorg/gradle/api/internal/tasks/TaskExecuterResult;+91
j  org.gradle.api.internal.tasks.execution.CatchExceptionTaskExecuter.execute(Lorg/gradle/api/internal/TaskInternal;Lorg/gradle/api/internal/tasks/TaskStateInternal;Lorg/gradle/api/internal/tasks/TaskExecutionContext;)Lorg/gradle/api/internal/tasks/TaskExecuterResult;+7
j  org.gradle.api.internal.tasks.execution.EventFiringTaskExecuter$1.executeTask(Lorg/gradle/internal/operations/BuildOperationContext;)Lorg/gradle/api/internal/tasks/TaskExecuterResult;+136
j  org.gradle.api.internal.tasks.execution.EventFiringTaskExecuter$1.call(Lorg/gradle/internal/operations/BuildOperationContext;)Lorg/gradle/api/internal/tasks/TaskExecuterResult;+2
j  org.gradle.api.internal.tasks.execution.EventFiringTaskExecuter$1.call(Lorg/gradle/internal/operations/BuildOperationContext;)Ljava/lang/Object;+2
J 24385 C1 org.gradle.internal.operations.DefaultBuildOperationRunner$CallableBuildOperationWorker.execute(Lorg/gradle/internal/operations/BuildOperation;Lorg/gradle/internal/operations/BuildOperationContext;)V (10 bytes) @ 0x000000010e7a6dc4 [0x000000010e7a6b60+0x264]
J 4431 C1 org.gradle.internal.operations.DefaultBuildOperationRunner$3.execute(Lorg/gradle/internal/operations/BuildOperationDescriptor;Lorg/gradle/internal/operations/BuildOperationState;Lorg/gradle/internal/operations/BuildOperationState;Lorg/gradle/internal/operations/DefaultBuildOperationRunner$ReadableBuildOperationContext;Lorg/gradle/internal/operations/DefaultBuildOperationRunner$BuildOperationExecutionListener;)Lorg/gradle/internal/operations/BuildOperation; (110 bytes) @ 0x000000010b9ab874 [0x000000010b9ab680+0x1f4]
J 24801 C1 org.gradle.internal.operations.DefaultBuildOperationRunner.execute(Lorg/gradle/internal/operations/BuildOperationDescriptor$Builder;Lorg/gradle/internal/operations/BuildOperationState;Lorg/gradle/internal/operations/DefaultBuildOperationRunner$BuildOperationExecution;)Ljava/lang/Object; (140 bytes) @ 0x000000010d02c634 [0x000000010d02b700+0xf34]
J 24383 C1 org.gradle.internal.operations.DefaultBuildOperationRunner.call(Lorg/gradle/internal/operations/CallableBuildOperation;)Ljava/lang/Object; (24 bytes) @ 0x000000010e7a7964 [0x000000010e7a7240+0x724]
J 4998 C1 org.gradle.internal.operations.DefaultBuildOperationExecutor.call(Lorg/gradle/internal/operations/CallableBuildOperation;)Ljava/lang/Object; (19 bytes) @ 0x000000010ba8f4ec [0x000000010ba8f300+0x1ec]
j  org.gradle.api.internal.tasks.execution.EventFiringTaskExecuter.execute(Lorg/gradle/api/internal/TaskInternal;Lorg/gradle/api/internal/tasks/TaskStateInternal;Lorg/gradle/api/internal/tasks/TaskExecutionContext;)Lorg/gradle/api/internal/tasks/TaskExecuterResult;+15
j  org.gradle.execution.plan.LocalTaskNodeExecutor.execute(Lorg/gradle/execution/plan/Node;Lorg/gradle/api/internal/tasks/NodeExecutionContext;)Z+98
j  org.gradle.execution.taskgraph.DefaultTaskExecutionGraph$InvokeNodeExecutorsAction.execute(Lorg/gradle/execution/plan/Node;)V+46
j  org.gradle.execution.taskgraph.DefaultTaskExecutionGraph$InvokeNodeExecutorsAction.execute(Ljava/lang/Object;)V+5
j  org.gradle.execution.taskgraph.DefaultTaskExecutionGraph$BuildOperationAwareExecutionAction.execute(Lorg/gradle/execution/plan/Node;)V+22
j  org.gradle.execution.taskgraph.DefaultTaskExecutionGraph$BuildOperationAwareExecutionAction.execute(Ljava/lang/Object;)V+5
j  org.gradle.execution.plan.DefaultPlanExecutor$ExecutorWorker.lambda$run$0(Lorg/gradle/internal/time/Timer;Ljava/util/concurrent/atomic/AtomicLong;Lorg/gradle/execution/plan/Node;)V+25
j  org.gradle.execution.plan.DefaultPlanExecutor$ExecutorWorker$$Lambda$616.execute(Ljava/lang/Object;)V+16
j  org.gradle.execution.plan.DefaultPlanExecutor$ExecutorWorker.execute(Lorg/gradle/execution/plan/Node;Lorg/gradle/internal/work/WorkerLeaseRegistry$WorkerLease;Lorg/gradle/api/Action;)V+9
j  org.gradle.execution.plan.DefaultPlanExecutor$ExecutorWorker.executeNextNode(Lorg/gradle/internal/work/WorkerLeaseRegistry$WorkerLease;Lorg/gradle/api/Action;)Z+52
j  org.gradle.execution.plan.DefaultPlanExecutor$ExecutorWorker.run()V+39
J 14723 C1 org.gradle.internal.concurrent.ManagedExecutorImpl$1.run()V (57 bytes) @ 0x000000010c8cf484 [0x000000010c8cf300+0x184]
J 26669 C1 java.util.concurrent.ThreadPoolExecutor.runWorker(Ljava/util/concurrent/ThreadPoolExecutor$Worker;)V (225 bytes) @ 0x000000010ede4184 [0x000000010ede3f20+0x264]
j  java.util.concurrent.ThreadPoolExecutor$Worker.run()V+5
j  org.gradle.internal.concurrent.ThreadFactoryImpl$ManagedThreadRunnable.run()V+7
j  java.lang.Thread.run()V+11
v  ~StubRoutines::call_stub

---------------  P R O C E S S  ---------------

Java Threads: ( => current thread )
  0x00007f9bb0feb000 JavaThread "Unconstrained build operations Thread 40" [_thread_blocked, id=26255, stack(0x0000700010ada000,0x0000700010bda000)]
  0x00007f9ba6935000 JavaThread "Unconstrained build operations Thread 39" [_thread_blocked, id=83215, stack(0x00007000109d7000,0x0000700010ad7000)]
  0x00007f9bb0827800 JavaThread "Unconstrained build operations Thread 38" [_thread_blocked, id=29715, stack(0x00007000108d4000,0x00007000109d4000)]
  0x00007f9bb0bb9800 JavaThread "Unconstrained build operations Thread 37" [_thread_blocked, id=37399, stack(0x00007000107d1000,0x00007000108d1000)]
  0x00007f9bb0e40000 JavaThread "Unconstrained build operations Thread 36" [_thread_blocked, id=32015, stack(0x00007000106ce000,0x00007000107ce000)]
  0x00007f9bb0bb8000 JavaThread "Unconstrained build operations Thread 35" [_thread_blocked, id=43539, stack(0x00007000105cb000,0x00007000106cb000)]
  0x00007f9ba7919800 JavaThread "Unconstrained build operations Thread 34" [_thread_blocked, id=38167, stack(0x00007000104c8000,0x00007000105c8000)]
  0x00007f9ba7919000 JavaThread "Unconstrained build operations Thread 33" [_thread_blocked, id=81679, stack(0x00007000103c5000,0x00007000104c5000)]
  0x00007f9ba7918000 JavaThread "Unconstrained build operations Thread 32" [_thread_blocked, id=33551, stack(0x00007000102c2000,0x00007000103c2000)]
  0x00007f9babb1d000 JavaThread "Unconstrained build operations Thread 31" [_thread_blocked, id=83731, stack(0x00007000101bf000,0x00007000102bf000)]
  0x00007f9baeff5800 JavaThread "Cache worker for execution history cache (/Users/chenjpu/Projects/jalorx/jalorx-simple/.gradle/7.2/executionHistory)" [_thread_blocked, id=47635, stack(0x00007000100bc000,0x00007000101bc000)]
  0x00007f9ba69bd000 JavaThread "Execution worker for ':' Thread 3" [_thread_blocked, id=50711, stack(0x000070000ffb9000,0x00007000100b9000)]
  0x00007f9baffc9000 JavaThread "Execution worker for ':' Thread 2" [_thread_blocked, id=48911, stack(0x000070000feb6000,0x000070000ffb6000)]
=>0x00007f9baf923000 JavaThread "Execution worker for ':'" [_thread_in_native, id=27151, stack(0x000070000fdb3000,0x000070000feb3000)]
  0x00007f9baeea9800 JavaThread "Unconstrained build operations Thread 30" [_thread_blocked, id=82191, stack(0x000070000fcb0000,0x000070000fdb0000)]
  0x00007f9ba6891000 JavaThread "Unconstrained build operations Thread 29" [_thread_blocked, id=22543, stack(0x000070000fbad000,0x000070000fcad000)]
  0x00007f9baa69f000 JavaThread "Unconstrained build operations Thread 28" [_thread_blocked, id=34067, stack(0x000070000faaa000,0x000070000fbaa000)]
  0x00007f9bb0eac000 JavaThread "Unconstrained build operations Thread 27" [_thread_blocked, id=28947, stack(0x000070000f9a7000,0x000070000faa7000)]
  0x00007f9bb0e53800 JavaThread "Unconstrained build operations Thread 26" [_thread_blocked, id=82451, stack(0x000070000f8a4000,0x000070000f9a4000)]
  0x00007f9bb0d3c800 JavaThread "Unconstrained build operations Thread 25" [_thread_blocked, id=85519, stack(0x000070000f7a1000,0x000070000f8a1000)]
  0x00007f9baa7d6000 JavaThread "Unconstrained build operations Thread 24" [_thread_blocked, id=36879, stack(0x000070000f69e000,0x000070000f79e000)]
  0x00007f9bb0b84800 JavaThread "Unconstrained build operations Thread 23" [_thread_blocked, id=80655, stack(0x000070000f59b000,0x000070000f69b000)]
  0x00007f9baeeaa800 JavaThread "Unconstrained build operations Thread 22" [_thread_blocked, id=44315, stack(0x000070000f498000,0x000070000f598000)]
  0x00007f9bad05b800 JavaThread "Unconstrained build operations Thread 21" [_thread_blocked, id=85267, stack(0x000070000f395000,0x000070000f495000)]
  0x00007f9bae844800 JavaThread "Unconstrained build operations Thread 20" [_thread_blocked, id=33807, stack(0x000070000f292000,0x000070000f392000)]
  0x00007f9babfc5800 JavaThread "Unconstrained build operations Thread 19" [_thread_blocked, id=50963, stack(0x000070000f18f000,0x000070000f28f000)]
  0x00007f9babbbe000 JavaThread "Unconstrained build operations Thread 18" [_thread_blocked, id=79887, stack(0x000070000f08c000,0x000070000f18c000)]
  0x00007f9babbbd800 JavaThread "Unconstrained build operations Thread 17" [_thread_blocked, id=48399, stack(0x000070000ef89000,0x000070000f089000)]
  0x00007f9babbbc800 JavaThread "Unconstrained build operations Thread 16" [_thread_blocked, id=81935, stack(0x000070000ec80000,0x000070000ed80000)]
  0x00007f9babb8f800 JavaThread "Unconstrained build operations Thread 15" [_thread_blocked, id=45583, stack(0x000070000eb7d000,0x000070000ec7d000)]
  0x00007f9babb8f000 JavaThread "Unconstrained build operations Thread 14" [_thread_blocked, id=28435, stack(0x000070000ea7a000,0x000070000eb7a000)]
  0x00007f9babb8e000 JavaThread "Unconstrained build operations Thread 13" [_thread_blocked, id=35087, stack(0x000070000e977000,0x000070000ea77000)]
  0x00007f9babd20800 JavaThread "Unconstrained build operations Thread 12" [_thread_blocked, id=49423, stack(0x000070000e874000,0x000070000e974000)]
  0x00007f9babd20000 JavaThread "Unconstrained build operations Thread 11" [_thread_blocked, id=46863, stack(0x000070000e771000,0x000070000e871000)]
  0x00007f9babb81000 JavaThread "Unconstrained build operations Thread 10" [_thread_blocked, id=42515, stack(0x000070000e66e000,0x000070000e76e000)]
  0x00007f9babb80000 JavaThread "Unconstrained build operations Thread 9" [_thread_blocked, id=28687, stack(0x000070000e56b000,0x000070000e66b000)]
  0x00007f9babfab800 JavaThread "Unconstrained build operations Thread 8" [_thread_blocked, id=29455, stack(0x000070000e468000,0x000070000e568000)]
  0x00007f9babf4a000 JavaThread "Unconstrained build operations Thread 7" [_thread_blocked, id=84751, stack(0x000070000e365000,0x000070000e465000)]
  0x00007f9baf9cd800 JavaThread "Unconstrained build operations Thread 6" [_thread_blocked, id=25615, stack(0x000070000e262000,0x000070000e362000)]
  0x00007f9baa526800 JavaThread "Unconstrained build operations Thread 5" [_thread_blocked, id=33047, stack(0x000070000e15f000,0x000070000e25f000)]
  0x00007f9babbc4000 JavaThread "Unconstrained build operations Thread 4" [_thread_blocked, id=83983, stack(0x000070000e05c000,0x000070000e15c000)]
  0x00007f9baea32000 JavaThread "Unconstrained build operations Thread 3" [_thread_blocked, id=35599, stack(0x000070000df59000,0x000070000e059000)]
  0x00007f9bad59c800 JavaThread "Unconstrained build operations Thread 2" [_thread_blocked, id=51479, stack(0x000070000de56000,0x000070000df56000)]
  0x00007f9bad36d800 JavaThread "Unconstrained build operations" [_thread_blocked, id=82963, stack(0x000070000dd53000,0x000070000de53000)]
  0x00007f9bb0fd5000 JavaThread "Cache worker for Build Output Cleanup Cache (/Users/chenjpu/Projects/jalorx/jalorx-simple/.gradle/buildOutputCleanup)" [_thread_blocked, id=41747, stack(0x000070000dc50000,0x000070000dd50000)]
  0x00007f9baa2b6800 JavaThread "Cache worker for dependencies-accessors (/Users/chenjpu/Projects/jalorx/jalorx-simple/.gradle/7.2/dependencies-accessors)" [_thread_blocked, id=45331, stack(0x000070000da4a000,0x000070000db4a000)]
  0x00007f9babd06800 JavaThread "Cache worker for cache directory md-rule (/Users/chenjpu/.gradle/caches/7.2/md-rule)" [_thread_blocked, id=33295, stack(0x000070000d53b000,0x000070000d63b000)]
  0x00007f9babb8b000 JavaThread "Cache worker for cache directory md-supplier (/Users/chenjpu/.gradle/caches/7.2/md-supplier)" [_thread_blocked, id=78851, stack(0x000070000d438000,0x000070000d538000)]
  0x00007f9ba6d28000 JavaThread "Cache worker for checksums cache (/Users/chenjpu/Projects/jalorx/jalorx-simple/.gradle/checksums)" [_thread_blocked, id=47123, stack(0x000070000d335000,0x000070000d435000)]
  0x00007f9ba68b5800 JavaThread "Cache worker for file hash cache (/Users/chenjpu/Projects/jalorx/jalorx-simple/.gradle/7.2/fileHashes)" [_thread_blocked, id=30223, stack(0x000070000d02c000,0x000070000d12c000)]
  0x00007f9bb0eae800 JavaThread "Daemon client event forwarder" [_thread_blocked, id=46351, stack(0x000070000cc20000,0x000070000cd20000)]
  0x00007f9ba6f86000 JavaThread "Stdin handler" [_thread_blocked, id=31247, stack(0x000070000cb1d000,0x000070000cc1d000)]
  0x00007f9ba7eaa800 JavaThread "Asynchronous log dispatcher for DefaultDaemonConnection: socket connection from /127.0.0.1:61077 to /127.0.0.1:61307" [_thread_blocked, id=42255, stack(0x000070000ca1a000,0x000070000cb1a000)]
  0x00007f9bad661000 JavaThread "Cancel handler" [_thread_blocked, id=21775, stack(0x000070000c814000,0x000070000c914000)]
  0x00007f9baf82f800 JavaThread "Handler for socket connection from /127.0.0.1:61077 to /127.0.0.1:61307" [_thread_in_native, id=15931, stack(0x000070000c711000,0x000070000c811000)]
  0x00007f9babfb2800 JavaThread "File lock release action executor Thread 2" [_thread_blocked, id=53019, stack(0x00007000113f5000,0x00007000114f5000)]
  0x00007f9bb0fb8000 JavaThread "Exec process Thread 3" [_thread_blocked, id=52483, stack(0x00007000112f2000,0x00007000113f2000)]
  0x00007f9bb0fb7800 JavaThread "Exec process Thread 2" [_thread_blocked, id=78083, stack(0x00007000111ef000,0x00007000112ef000)]
  0x00007f9bb0ea4000 JavaThread "process reaper" daemon [_thread_blocked, id=78595, stack(0x000070000bc70000,0x000070000bc98000)]
  0x00007f9babb00800 JavaThread "Exec process" [_thread_blocked, id=31755, stack(0x00007000110ec000,0x00007000111ec000)]
  0x00007f9baf95f000 JavaThread "Cache worker for Java compile cache (/Users/chenjpu/.gradle/caches/7.2/javaCompile)" [_thread_blocked, id=50207, stack(0x0000700010bdd000,0x0000700010cdd000)]
  0x00007f9bb0918800 JavaThread "Memory manager" [_thread_blocked, id=32259, stack(0x000070000ee86000,0x000070000ef86000)]
  0x00007f9bb08d3800 JavaThread "jar transforms Thread 4" [_thread_blocked, id=30723, stack(0x000070000ed83000,0x000070000ee83000)]
  0x00007f9baf9dd000 JavaThread "jar transforms Thread 3" [_thread_blocked, id=38403, stack(0x000070000db4d000,0x000070000dc4d000)]
  0x00007f9baeca0800 JavaThread "jar transforms Thread 2" [_thread_blocked, id=26883, stack(0x000070000d947000,0x000070000da47000)]
  0x00007f9bad5d0800 JavaThread "Cache worker for file content cache (/Users/chenjpu/.gradle/caches/7.2/fileContent)" [_thread_blocked, id=38915, stack(0x000070000d844000,0x000070000d944000)]
  0x00007f9bad105000 JavaThread "jar transforms" [_thread_blocked, id=39427, stack(0x000070000d741000,0x000070000d841000)]
  0x00007f9baf8c0000 JavaThread "Cache worker for execution history cache (/Users/chenjpu/.gradle/caches/7.2/executionHistory)" [_thread_blocked, id=39939, stack(0x000070000d63e000,0x000070000d73e000)]
  0x00007f9baa6ea000 JavaThread "File watcher consumer" daemon [_thread_blocked, id=40707, stack(0x000070000d232000,0x000070000d332000)]
  0x00007f9ba77ff000 JavaThread "File watcher server" daemon [_thread_in_native, id=41475, stack(0x000070000d12f000,0x000070000d22f000)]
  0x00007f9ba7795800 JavaThread "Cache worker for file hash cache (/Users/chenjpu/.gradle/caches/7.2/fileHashes)" [_thread_blocked, id=23811, stack(0x000070000cf29000,0x000070000d029000)]
  0x00007f9ba7dcb800 JavaThread "File lock request listener" [_thread_in_native, id=23299, stack(0x000070000ce26000,0x000070000cf26000)]
  0x00007f9ba7583000 JavaThread "Cache worker for journal cache (/Users/chenjpu/.gradle/caches/journal-1)" [_thread_blocked, id=41987, stack(0x000070000cd23000,0x000070000ce23000)]
  0x00007f9ba7b43000 JavaThread "Daemon worker" [_thread_blocked, id=43011, stack(0x000070000c917000,0x000070000ca17000)]
  0x00007f9ba752c000 JavaThread "Daemon" [_thread_blocked, id=16131, stack(0x000070000c60e000,0x000070000c70e000)]
  0x00007f9ba74fd000 JavaThread "Daemon periodic checks" [_thread_blocked, id=14851, stack(0x000070000c50b000,0x000070000c60b000)]
  0x00007f9ba74f8000 JavaThread "Incoming local TCP Connector on port 61077" [_thread_in_native, id=14595, stack(0x000070000c408000,0x000070000c508000)]
  0x00007f9ba74da000 JavaThread "Daemon health stats" [_thread_blocked, id=14339, stack(0x000070000c305000,0x000070000c405000)]
  0x00007f9ba687a800 JavaThread "Service Thread" daemon [_thread_blocked, id=13827, stack(0x000070000c0ff000,0x000070000c1ff000)]
  0x00007f9ba686f800 JavaThread "C1 CompilerThread2" daemon [_thread_blocked, id=17411, stack(0x000070000bffc000,0x000070000c0fc000)]
  0x00007f9ba686f000 JavaThread "C2 CompilerThread1" daemon [_thread_blocked, id=13315, stack(0x000070000bef9000,0x000070000bff9000)]
  0x00007f9ba6836000 JavaThread "C2 CompilerThread0" daemon [_thread_blocked, id=13059, stack(0x000070000bdf6000,0x000070000bef6000)]
  0x00007f9ba7036800 JavaThread "Signal Dispatcher" daemon [_thread_blocked, id=18179, stack(0x000070000bcf3000,0x000070000bdf3000)]
  0x00007f9ba6832800 JavaThread "Finalizer" daemon [_thread_blocked, id=20227, stack(0x000070000baea000,0x000070000bbea000)]
  0x00007f9ba6831800 JavaThread "Reference Handler" daemon [_thread_blocked, id=20739, stack(0x000070000b9e7000,0x000070000bae7000)]
  0x00007f9ba7809000 JavaThread "main" [_thread_blocked, id=3843, stack(0x000070000b3d5000,0x000070000b4d5000)]

Other Threads:
  0x00007f9ba682f000 VMThread [stack: 0x000070000b8e4000,0x000070000b9e4000] [id=21251]
  0x00007f9ba6861800 WatcherThread [stack: 0x000070000c202000,0x000070000c302000] [id=17155]

VM state:not at safepoint (normal execution)

VM Mutex/Monitor currently owned by a thread: None

Heap:
 PSYoungGen      total 132608K, used 39569K [0x00000007b5580000, 0x00000007bff80000, 0x00000007c0000000)
  eden space 91136K, 35% used [0x00000007b5580000,0x00000007b7520618,0x00000007bae80000)
  from space 41472K, 17% used [0x00000007bd700000,0x00000007bde03f80,0x00000007bff80000)
  to   space 41472K, 0% used [0x00000007bae80000,0x00000007bae80000,0x00000007bd700000)
 ParOldGen       total 349696K, used 114599K [0x00000007a0000000, 0x00000007b5580000, 0x00000007b5580000)
  object space 349696K, 32% used [0x00000007a0000000,0x00000007a6fe9ff8,0x00000007b5580000)
 Metaspace       used 92132K, capacity 100226K, committed 125248K, reserved 1148928K
  class space    used 12651K, capacity 14178K, committed 25088K, reserved 1048576K

Card table byte_map: [0x000000010164e000,0x000000010174f000] byte_map_base: 0x00000000fd94e000

Marking Bits: (ParMarkBitMap*) 0x00000001040c27a0
 Begin Bits: [0x0000000104b29000, 0x0000000105329000)
 End Bits:   [0x0000000105329000, 0x0000000105b29000)

Polling page: 0x00000001015fb000

CodeCache: size=245760Kb used=57009Kb max_used=70957Kb free=188750Kb
 bounds [0x000000010a9e4000, 0x000000010efa4000, 0x00000001199e4000]
 total_blobs=18178 nmethods=17358 adapters=731
 compilation: enabled

Compilation events (10 events):
Event: 683.628 Thread 0x00007f9ba686f800 nmethod 29452 0x000000010eb9c990 code [0x000000010eb9cb20, 0x000000010eb9cea8]
Event: 683.628 Thread 0x00007f9ba686f800 29453       1       io.micronaut.core.io.service.SoftServiceLoader::access$200 (5 bytes)
Event: 683.628 Thread 0x00007f9ba686f800 nmethod 29453 0x000000010c3f8750 code [0x000000010c3f88a0, 0x000000010c3f8990]
Event: 683.645 Thread 0x00007f9ba6836000 nmethod 29451 0x000000010aff9c90 code [0x000000010affa0a0, 0x000000010affc720]
Event: 683.645 Thread 0x00007f9ba686f800 29454       1       io.micronaut.core.annotation.AnnotationClassValue::getName (5 bytes)
Event: 683.645 Thread 0x00007f9ba686f800 nmethod 29454 0x000000010dbde6d0 code [0x000000010dbde820, 0x000000010dbde930]
Event: 683.649 Thread 0x00007f9ba686f800 29455   !   3       io.micronaut.core.io.service.SoftServiceLoader$ServiceLoaderIterator::hasNext (357 bytes)
Event: 683.652 Thread 0x00007f9ba686f800 nmethod 29455 0x000000010c381290 code [0x000000010c3817e0, 0x000000010c384bd8]
Event: 683.652 Thread 0x00007f9ba686f800 29456       3       io.micronaut.core.annotation.AnnotationUtil::internMapOf (55 bytes)
Event: 683.652 Thread 0x00007f9ba686f800 nmethod 29456 0x000000010e992910 code [0x000000010e992ac0, 0x000000010e992fc8]

GC Heap History (10 events):
Event: 166.352 GC heap before
{Heap before GC invocations=83 (full 5):
 PSYoungGen      total 119808K, used 94650K [0x00000007b5580000, 0x00000007bfb80000, 0x00000007c0000000)
  eden space 72704K, 100% used [0x00000007b5580000,0x00000007b9c80000,0x00000007b9c80000)
  from space 47104K, 46% used [0x00000007b9c80000,0x00000007bb1eeb88,0x00000007bca80000)
  to   space 45056K, 0% used [0x00000007bcf80000,0x00000007bcf80000,0x00000007bfb80000)
 ParOldGen       total 349696K, used 84282K [0x00000007a0000000, 0x00000007b5580000, 0x00000007b5580000)
  object space 349696K, 24% used [0x00000007a0000000,0x00000007a524e8b0,0x00000007b5580000)
 Metaspace       used 85833K, capacity 93636K, committed 125248K, reserved 1148928K
  class space    used 11895K, capacity 13333K, committed 25088K, reserved 1048576K
Event: 166.375 GC heap after
Heap after GC invocations=83 (full 5):
 PSYoungGen      total 125440K, used 18358K [0x00000007b5580000, 0x00000007bfa00000, 0x00000007c0000000)
  eden space 81920K, 0% used [0x00000007b5580000,0x00000007b5580000,0x00000007ba580000)
  from space 43520K, 42% used [0x00000007bcf80000,0x00000007be16db38,0x00000007bfa00000)
  to   space 43008K, 0% used [0x00000007ba580000,0x00000007ba580000,0x00000007bcf80000)
 ParOldGen       total 349696K, used 94275K [0x00000007a0000000, 0x00000007b5580000, 0x00000007b5580000)
  object space 349696K, 26% used [0x00000007a0000000,0x00000007a5c10df0,0x00000007b5580000)
 Metaspace       used 85833K, capacity 93636K, committed 125248K, reserved 1148928K
  class space    used 11895K, capacity 13333K, committed 25088K, reserved 1048576K
}
Event: 680.929 GC heap before
{Heap before GC invocations=84 (full 5):
 PSYoungGen      total 125440K, used 100278K [0x00000007b5580000, 0x00000007bfa00000, 0x00000007c0000000)
  eden space 81920K, 100% used [0x00000007b5580000,0x00000007ba580000,0x00000007ba580000)
  from space 43520K, 42% used [0x00000007bcf80000,0x00000007be16db38,0x00000007bfa00000)
  to   space 43008K, 0% used [0x00000007ba580000,0x00000007ba580000,0x00000007bcf80000)
 ParOldGen       total 349696K, used 94275K [0x00000007a0000000, 0x00000007b5580000, 0x00000007b5580000)
  object space 349696K, 26% used [0x00000007a0000000,0x00000007a5c10df0,0x00000007b5580000)
 Metaspace       used 86003K, capacity 93868K, committed 125248K, reserved 1148928K
  class space    used 11905K, capacity 13349K, committed 25088K, reserved 1048576K
Event: 681.070 GC heap after
Heap after GC invocations=84 (full 5):
 PSYoungGen      total 124928K, used 19142K [0x00000007b5580000, 0x00000007bfb80000, 0x00000007c0000000)
  eden space 81920K, 0% used [0x00000007b5580000,0x00000007b5580000,0x00000007ba580000)
  from space 43008K, 44% used [0x00000007ba580000,0x00000007bb831be8,0x00000007bcf80000)
  to   space 40960K, 0% used [0x00000007bd380000,0x00000007bd380000,0x00000007bfb80000)
 ParOldGen       total 349696K, used 98559K [0x00000007a0000000, 0x00000007b5580000, 0x00000007b5580000)
  object space 349696K, 28% used [0x00000007a0000000,0x00000007a603ff20,0x00000007b5580000)
 Metaspace       used 86003K, capacity 93868K, committed 125248K, reserved 1148928K
  class space    used 11905K, capacity 13349K, committed 25088K, reserved 1048576K
}
Event: 681.540 GC heap before
{Heap before GC invocations=85 (full 5):
 PSYoungGen      total 124928K, used 101062K [0x00000007b5580000, 0x00000007bfb80000, 0x00000007c0000000)
  eden space 81920K, 100% used [0x00000007b5580000,0x00000007ba580000,0x00000007ba580000)
  from space 43008K, 44% used [0x00000007ba580000,0x00000007bb831be8,0x00000007bcf80000)
  to   space 40960K, 0% used [0x00000007bd380000,0x00000007bd380000,0x00000007bfb80000)
 ParOldGen       total 349696K, used 98559K [0x00000007a0000000, 0x00000007b5580000, 0x00000007b5580000)
  object space 349696K, 28% used [0x00000007a0000000,0x00000007a603ff20,0x00000007b5580000)
 Metaspace       used 86005K, capacity 93868K, committed 125248K, reserved 1148928K
  class space    used 11905K, capacity 13349K, committed 25088K, reserved 1048576K
Event: 681.576 GC heap after
Heap after GC invocations=85 (full 5):
 PSYoungGen      total 128512K, used 7016K [0x00000007b5580000, 0x00000007bff00000, 0x00000007c0000000)
  eden space 87552K, 0% used [0x00000007b5580000,0x00000007b5580000,0x00000007bab00000)
  from space 40960K, 17% used [0x00000007bd380000,0x00000007bda5a0b0,0x00000007bfb80000)
  to   space 41472K, 0% used [0x00000007bab00000,0x00000007bab00000,0x00000007bd380000)
 ParOldGen       total 349696K, used 109120K [0x00000007a0000000, 0x00000007b5580000, 0x00000007b5580000)
  object space 349696K, 31% used [0x00000007a0000000,0x00000007a6a903c8,0x00000007b5580000)
 Metaspace       used 86005K, capacity 93868K, committed 125248K, reserved 1148928K
  class space    used 11905K, capacity 13349K, committed 25088K, reserved 1048576K
}
Event: 682.112 GC heap before
{Heap before GC invocations=86 (full 5):
 PSYoungGen      total 128512K, used 94568K [0x00000007b5580000, 0x00000007bff00000, 0x00000007c0000000)
  eden space 87552K, 100% used [0x00000007b5580000,0x00000007bab00000,0x00000007bab00000)
  from space 40960K, 17% used [0x00000007bd380000,0x00000007bda5a0b0,0x00000007bfb80000)
  to   space 41472K, 0% used [0x00000007bab00000,0x00000007bab00000,0x00000007bd380000)
 ParOldGen       total 349696K, used 109120K [0x00000007a0000000, 0x00000007b5580000, 0x00000007b5580000)
  object space 349696K, 31% used [0x00000007a0000000,0x00000007a6a903c8,0x00000007b5580000)
 Metaspace       used 86021K, capacity 93880K, committed 125248K, reserved 1148928K
  class space    used 11906K, capacity 13351K, committed 25088K, reserved 1048576K
Event: 682.211 GC heap after
Heap after GC invocations=86 (full 5):
 PSYoungGen      total 129024K, used 832K [0x00000007b5580000, 0x00000007c0000000, 0x00000007c0000000)
  eden space 87552K, 0% used [0x00000007b5580000,0x00000007b5580000,0x00000007bab00000)
  from space 41472K, 2% used [0x00000007bab00000,0x00000007babd0000,0x00000007bd380000)
  to   space 41984K, 0% used [0x00000007bd700000,0x00000007bd700000,0x00000007c0000000)
 ParOldGen       total 349696K, used 113947K [0x00000007a0000000, 0x00000007b5580000, 0x00000007b5580000)
  object space 349696K, 32% used [0x00000007a0000000,0x00000007a6f46f88,0x00000007b5580000)
 Metaspace       used 86021K, capacity 93880K, committed 125248K, reserved 1148928K
  class space    used 11906K, capacity 13351K, committed 25088K, reserved 1048576K
}
Event: 683.372 GC heap before
{Heap before GC invocations=87 (full 5):
 PSYoungGen      total 129024K, used 88384K [0x00000007b5580000, 0x00000007c0000000, 0x00000007c0000000)
  eden space 87552K, 100% used [0x00000007b5580000,0x00000007bab00000,0x00000007bab00000)
  from space 41472K, 2% used [0x00000007bab00000,0x00000007babd0000,0x00000007bd380000)
  to   space 41984K, 0% used [0x00000007bd700000,0x00000007bd700000,0x00000007c0000000)
 ParOldGen       total 349696K, used 113947K [0x00000007a0000000, 0x00000007b5580000, 0x00000007b5580000)
  object space 349696K, 32% used [0x00000007a0000000,0x00000007a6f46f88,0x00000007b5580000)
 Metaspace       used 90933K, capacity 98982K, committed 125248K, reserved 1148928K
  class space    used 12469K, capacity 13966K, committed 25088K, reserved 1048576K
Event: 683.378 GC heap after
Heap after GC invocations=87 (full 5):
 PSYoungGen      total 132608K, used 7183K [0x00000007b5580000, 0x00000007bff80000, 0x00000007c0000000)
  eden space 91136K, 0% used [0x00000007b5580000,0x00000007b5580000,0x00000007bae80000)
  from space 41472K, 17% used [0x00000007bd700000,0x00000007bde03f80,0x00000007bff80000)
  to   space 41472K, 0% used [0x00000007bae80000,0x00000007bae80000,0x00000007bd700000)
 ParOldGen       total 349696K, used 114599K [0x00000007a0000000, 0x00000007b5580000, 0x00000007b5580000)
  object space 349696K, 32% used [0x00000007a0000000,0x00000007a6fe9ff8,0x00000007b5580000)
 Metaspace       used 90933K, capacity 98982K, committed 125248K, reserved 1148928K
  class space    used 12469K, capacity 13966K, committed 25088K, reserved 1048576K
}

Deoptimization events (10 events):
Event: 680.260 Thread 0x00007f9baf82f800 Uncommon trap: reason=class_check action=maybe_recompile pc=0x000000010e28ce64 method=org.gradle.internal.serialize.AbstractCollectionSerializer.read(Lorg/gradle/internal/serialize/Decoder;)Ljava/util/Collection; @ 9
Event: 680.260 Thread 0x00007f9baf82f800 Uncommon trap: reason=class_check action=maybe_recompile pc=0x000000010e28ce64 method=org.gradle.internal.serialize.AbstractCollectionSerializer.read(Lorg/gradle/internal/serialize/Decoder;)Ljava/util/Collection; @ 9
Event: 680.260 Thread 0x00007f9baf82f800 Uncommon trap: reason=class_check action=maybe_recompile pc=0x000000010e28ce64 method=org.gradle.internal.serialize.AbstractCollectionSerializer.read(Lorg/gradle/internal/serialize/Decoder;)Ljava/util/Collection; @ 9
Event: 680.260 Thread 0x00007f9baf82f800 Uncommon trap: reason=class_check action=maybe_recompile pc=0x000000010e28ce64 method=org.gradle.internal.serialize.AbstractCollectionSerializer.read(Lorg/gradle/internal/serialize/Decoder;)Ljava/util/Collection; @ 9
Event: 680.623 Thread 0x00007f9ba7b43000 Uncommon trap: reason=class_check action=maybe_recompile pc=0x000000010c25f7e0 method=com.google.common.collect.ImmutableList.iterator()Ljava/util/Iterator; @ 1
Event: 680.627 Thread 0x00007f9ba7b43000 Uncommon trap: reason=class_check action=maybe_recompile pc=0x000000010e52d688 method=com.google.common.collect.AbstractMapBasedMultimap$AsMap$AsMapIterator.next()Ljava/util/Map$Entry; @ 4
Event: 681.879 Thread 0x00007f9babb81000 Uncommon trap: reason=unstable_if action=reinterpret pc=0x000000010d61b8ac method=java.lang.ref.SoftReference.get()Ljava/lang/Object; @ 6
Event: 681.880 Thread 0x00007f9babd20000 Uncommon trap: reason=unstable_if action=reinterpret pc=0x000000010aed81bc method=java.lang.ref.SoftReference.get()Ljava/lang/Object; @ 6
Event: 681.880 Thread 0x00007f9babb80000 Uncommon trap: reason=unstable_if action=reinterpret pc=0x000000010b3525d4 method=java.lang.ref.SoftReference.get()Ljava/lang/Object; @ 6
Event: 682.443 Thread 0x00007f9baf923000 Uncommon trap: reason=null_check action=make_not_entrant pc=0x000000010edd211c method=org.gradle.api.internal.artifacts.ivyservice.modulecache.PersistentModuleMetadataCache.get(Lorg/gradle/api/internal/artifacts/ivyservice/modulecache/ModuleComponentAtRep

Internal exceptions (10 events):
Event: 678.951 Thread 0x00007f9ba752c000 Exception <a 'java/io/IOException'> (0x00000007b7d1b900) thrown at [/Users/java_re/workspace/8-2-build-macosx-x86_64/jdk8u45/3457/hotspot/src/share/vm/prims/jni.cpp, line 709]
Event: 678.951 Thread 0x00007f9ba752c000 Exception <a 'java/lang/reflect/InvocationTargetException'> (0x00000007b7d1cbd0) thrown at [/Users/java_re/workspace/8-2-build-macosx-x86_64/jdk8u45/3457/hotspot/src/share/vm/runtime/reflection.cpp, line 1080]
Event: 678.957 Thread 0x00007f9ba752c000 Exception <a 'java/io/IOException'> (0x00000007b7d58360) thrown at [/Users/java_re/workspace/8-2-build-macosx-x86_64/jdk8u45/3457/hotspot/src/share/vm/prims/jni.cpp, line 709]
Event: 678.957 Thread 0x00007f9ba752c000 Exception <a 'java/io/IOException'> (0x00000007b7d5bf18) thrown at [/Users/java_re/workspace/8-2-build-macosx-x86_64/jdk8u45/3457/hotspot/src/share/vm/prims/jni.cpp, line 709]
Event: 681.879 Thread 0x00007f9babb81000 Implicit null exception at 0x000000010d61aaac to 0x000000010d61b875
Event: 682.443 Thread 0x00007f9baf923000 Implicit null exception at 0x000000010edd0e77 to 0x000000010edd2111
Event: 683.327 Thread 0x00007f9baf923000 Exception <a 'java/lang/NoSuchMethodError': java.lang.Object.lambda$of$0(Ljava/util/function/Function;Ljava/lang/Object;Ljava/lang/Class;Lio/micronaut/core/convert/ConversionContext;)Ljava/util/Optional;> (0x00000007ba6d2418) thrown at [/Users/java_re/wor
Event: 683.422 Thread 0x00007f9baf923000 Exception <a 'java/io/FileNotFoundException'> (0x00000007b5c600f8) thrown at [/Users/java_re/workspace/8-2-build-macosx-x86_64/jdk8u45/3457/hotspot/src/share/vm/prims/jni.cpp, line 709]
Event: 683.427 Thread 0x00007f9baf923000 Exception <a 'java/io/FileNotFoundException'> (0x00000007b5cb6e18) thrown at [/Users/java_re/workspace/8-2-build-macosx-x86_64/jdk8u45/3457/hotspot/src/share/vm/prims/jni.cpp, line 709]
Event: 683.574 Thread 0x00007f9baf923000 Exception <a 'java/lang/NoSuchMethodError': java.lang.Object.lambda$static$0(Ljava/lang/Object;Lio/micronaut/core/annotation/AnnotationValue;Lio/micronaut/validation/validator/constraints/ConstraintValidatorContext;)Z> (0x00000007b6f39360) thrown at [/Use

Events (10 events):
Event: 683.655 loading class io/jalorx/data/runtime/$DefaultExistsByInterceptor$IntrospectionRef
Event: 683.655 loading class io/jalorx/data/runtime/$DefaultExistsByInterceptor$IntrospectionRef done
Event: 683.655 loading class io/jalorx/data/runtime/$DefaultFindOptionalInterceptor$IntrospectionRef
Event: 683.655 loading class io/jalorx/data/runtime/$DefaultFindOptionalInterceptor$IntrospectionRef done
Event: 683.655 loading class io/jalorx/data/runtime/$AbstractQueryInterceptor$IntrospectionRef
Event: 683.655 loading class io/jalorx/data/runtime/$AbstractQueryInterceptor$IntrospectionRef done
Event: 683.656 loading class io/jalorx/data/runtime/$DefaultCountInterceptor$IntrospectionRef
Event: 683.656 loading class io/jalorx/data/runtime/$DefaultCountInterceptor$IntrospectionRef done
Event: 683.656 loading class io/jalorx/data/runtime/$DefaultFindSliceInterceptor$IntrospectionRef
Event: 683.656 loading class io/jalorx/data/runtime/$DefaultFindSliceInterceptor$IntrospectionRef done


Dynamic libraries:
0x000000000012c000 	/System/Library/Frameworks/Cocoa.framework/Versions/A/Cocoa
0x000000000012c000 	/System/Library/Frameworks/Security.framework/Versions/A/Security
0x000000000012c000 	/System/Library/Frameworks/ApplicationServices.framework/Versions/A/ApplicationServices
0x000000000012c000 	/usr/lib/libz.1.dylib
0x000000000012c000 	/usr/lib/libSystem.B.dylib
0x000000000012c000 	/usr/lib/libobjc.A.dylib
0x000000000012c000 	/System/Library/Frameworks/CoreFoundation.framework/Versions/A/CoreFoundation
0x000000000012c000 	/System/Library/Frameworks/Foundation.framework/Versions/C/Foundation
0x000000000012c000 	/System/Library/Frameworks/AppKit.framework/Versions/C/AppKit
0x000000000012c000 	/System/Library/Frameworks/CoreData.framework/Versions/A/CoreData
0x000000000012c000 	/System/Library/PrivateFrameworks/UIFoundation.framework/Versions/A/UIFoundation
0x000000000012c000 	/System/Library/PrivateFrameworks/RemoteViewServices.framework/Versions/A/RemoteViewServices
0x000000000012c000 	/System/Library/PrivateFrameworks/XCTTargetBootstrap.framework/Versions/A/XCTTargetBootstrap
0x000000000012c000 	/usr/lib/libspindump.dylib
0x000000000012c000 	/System/Library/Frameworks/UniformTypeIdentifiers.framework/Versions/A/UniformTypeIdentifiers
0x000000000012c000 	/usr/lib/libapp_launch_measurement.dylib
0x000000000012c000 	/System/Library/PrivateFrameworks/CoreAutoLayout.framework/Versions/A/CoreAutoLayout
0x000000000012c000 	/System/Library/Frameworks/Metal.framework/Versions/A/Metal
0x000000000012c000 	/usr/lib/liblangid.dylib
0x000000000012c000 	/System/Library/PrivateFrameworks/CoreSVG.framework/Versions/A/CoreSVG
0x000000000012c000 	/System/Library/PrivateFrameworks/SkyLight.framework/Versions/A/SkyLight
0x000000000012c000 	/System/Library/Frameworks/CoreGraphics.framework/Versions/A/CoreGraphics
0x000000000012c000 	/System/Library/Frameworks/Accelerate.framework/Versions/A/Accelerate
0x000000000012c000 	/System/Library/PrivateFrameworks/IconServices.framework/Versions/A/IconServices
0x000000000012c000 	/System/Library/Frameworks/IOSurface.framework/Versions/A/IOSurface
0x000000000012c000 	/usr/lib/libDiagnosticMessagesClient.dylib
0x000000000012c000 	/System/Library/PrivateFrameworks/DFRFoundation.framework/Versions/A/DFRFoundation
0x000000000012c000 	/usr/lib/libicucore.A.dylib
0x000000000012c000 	/System/Library/Frameworks/AudioToolbox.framework/Versions/A/AudioToolbox
0x000000000012c000 	/System/Library/PrivateFrameworks/DataDetectorsCore.framework/Versions/A/DataDetectorsCore
0x000000000012c000 	/usr/lib/libMobileGestalt.dylib
0x000000000012c000 	/System/Library/Frameworks/Carbon.framework/Versions/A/Frameworks/HIToolbox.framework/Versions/A/HIToolbox
0x000000000012c000 	/System/Library/Frameworks/QuartzCore.framework/Versions/A/QuartzCore
0x000000000012c000 	/System/Library/Frameworks/Carbon.framework/Versions/A/Frameworks/SpeechRecognition.framework/Versions/A/SpeechRecognition
0x000000000012c000 	/System/Library/PrivateFrameworks/CoreUI.framework/Versions/A/CoreUI
0x000000000012c000 	/System/Library/Frameworks/CoreAudio.framework/Versions/A/CoreAudio
0x000000000012c000 	/System/Library/Frameworks/DiskArbitration.framework/Versions/A/DiskArbitration
0x000000000012c000 	/System/Library/PrivateFrameworks/MultitouchSupport.framework/Versions/A/MultitouchSupport
0x000000000012c000 	/System/Library/PrivateFrameworks/InternationalSupport.framework/Versions/A/InternationalSupport
0x000000000012c000 	/usr/lib/libenergytrace.dylib
0x000000000012c000 	/System/Library/Frameworks/IOKit.framework/Versions/A/IOKit
0x000000000012c000 	/System/Library/Frameworks/CoreServices.framework/Versions/A/CoreServices
0x000000000012c000 	/System/Library/PrivateFrameworks/PerformanceAnalysis.framework/Versions/A/PerformanceAnalysis
0x000000000012c000 	/System/Library/Frameworks/OpenGL.framework/Versions/A/OpenGL
0x000000000012c000 	/System/Library/PrivateFrameworks/UserActivity.framework/Versions/A/UserActivity
0x000000000012c000 	/System/Library/Frameworks/ColorSync.framework/Versions/A/ColorSync
0x000000000012c000 	/System/Library/Frameworks/CoreImage.framework/Versions/A/CoreImage
0x000000000012c000 	/System/Library/Frameworks/CoreText.framework/Versions/A/CoreText
0x000000000012c000 	/System/Library/Frameworks/ImageIO.framework/Versions/A/ImageIO
0x000000000012c000 	/System/Library/PrivateFrameworks/SoftLinking.framework/Versions/A/SoftLinking
0x000000000012c000 	/usr/lib/libxml2.2.dylib
0x000000000012c000 	/usr/lib/libc++.1.dylib
0x000000000012c000 	/usr/lib/libcompression.dylib
0x000000000012c000 	/System/Library/PrivateFrameworks/TextureIO.framework/Versions/A/TextureIO
0x000000000012c000 	/usr/lib/libate.dylib
0x000000000012c000 	/usr/lib/system/libcache.dylib
0x000000000012c000 	/usr/lib/system/libcommonCrypto.dylib
0x000000000012c000 	/usr/lib/system/libcompiler_rt.dylib
0x000000000012c000 	/usr/lib/system/libcopyfile.dylib
0x000000000012c000 	/usr/lib/system/libcorecrypto.dylib
0x000000000012c000 	/usr/lib/system/libdispatch.dylib
0x000000000012c000 	/usr/lib/system/libdyld.dylib
0x000000000012c000 	/usr/lib/system/libkeymgr.dylib
0x000000000012c000 	/usr/lib/system/liblaunch.dylib
0x000000000012c000 	/usr/lib/system/libmacho.dylib
0x000000000012c000 	/usr/lib/system/libquarantine.dylib
0x000000000012c000 	/usr/lib/system/libremovefile.dylib
0x000000000012c000 	/usr/lib/system/libsystem_asl.dylib
0x000000000012c000 	/usr/lib/system/libsystem_blocks.dylib
0x000000000012c000 	/usr/lib/system/libsystem_c.dylib
0x000000000012c000 	/usr/lib/system/libsystem_collections.dylib
0x000000000012c000 	/usr/lib/system/libsystem_configuration.dylib
0x000000000012c000 	/usr/lib/system/libsystem_containermanager.dylib
0x000000000012c000 	/usr/lib/system/libsystem_coreservices.dylib
0x000000000012c000 	/usr/lib/system/libsystem_darwin.dylib
0x000000000012c000 	/usr/lib/system/libsystem_dnssd.dylib
0x000000000012c000 	/usr/lib/system/libsystem_featureflags.dylib
0x000000000012c000 	/usr/lib/system/libsystem_info.dylib
0x000000000012c000 	/usr/lib/system/libsystem_m.dylib
0x000000000012c000 	/usr/lib/system/libsystem_malloc.dylib
0x000000000012c000 	/usr/lib/system/libsystem_networkextension.dylib
0x000000000012c000 	/usr/lib/system/libsystem_notify.dylib
0x000000000012c000 	/usr/lib/system/libsystem_product_info_filter.dylib
0x000000000012c000 	/usr/lib/system/libsystem_sandbox.dylib
0x000000000012c000 	/usr/lib/system/libsystem_secinit.dylib
0x000000000012c000 	/usr/lib/system/libsystem_kernel.dylib
0x000000000012c000 	/usr/lib/system/libsystem_platform.dylib
0x000000000012c000 	/usr/lib/system/libsystem_pthread.dylib
0x000000000012c000 	/usr/lib/system/libsystem_symptoms.dylib
0x000000000012c000 	/usr/lib/system/libsystem_trace.dylib
0x000000000012c000 	/usr/lib/system/libunwind.dylib
0x000000000012c000 	/usr/lib/system/libxpc.dylib
0x000000000012c000 	/usr/lib/libc++abi.dylib
0x000000000012c000 	/usr/lib/liboah.dylib
0x000000000012c000 	/usr/lib/liblzma.5.dylib
0x000000000012c000 	/System/Library/Frameworks/SystemConfiguration.framework/Versions/A/SystemConfiguration
0x000000000012c000 	/usr/lib/libfakelink.dylib
0x000000000012c000 	/System/Library/Frameworks/CFNetwork.framework/Versions/A/CFNetwork
0x000000000012c000 	/usr/lib/libarchive.2.dylib
0x000000000012c000 	/usr/lib/libCRFSuite.dylib
0x000000000012c000 	/usr/lib/libbsm.0.dylib
0x000000000012c000 	/usr/lib/libnetwork.dylib
0x000000000012c000 	/usr/lib/libpcap.A.dylib
0x000000000012c000 	/usr/lib/libdns_services.dylib
0x000000000012c000 	/usr/lib/libcoretls_cfhelpers.dylib
0x000000000012c000 	/usr/lib/libapple_nghttp2.dylib
0x000000000012c000 	/usr/lib/system/libkxld.dylib
0x000000000012c000 	/usr/lib/libsqlite3.dylib
0x000000000012c000 	/System/Library/PrivateFrameworks/AppleFSCompression.framework/Versions/A/AppleFSCompression
0x000000000012c000 	/usr/lib/libcoretls.dylib
0x000000000012c000 	/usr/lib/libpam.2.dylib
0x000000000012c000 	/usr/lib/libxar.1.dylib
0x000000000012c000 	/System/Library/PrivateFrameworks/AppleSystemInfo.framework/Versions/A/AppleSystemInfo
0x000000000012c000 	/System/Library/PrivateFrameworks/IOMobileFramebuffer.framework/Versions/A/IOMobileFramebuffer
0x000000000012c000 	/usr/lib/libbz2.1.0.dylib
0x000000000012c000 	/usr/lib/libiconv.2.dylib
0x000000000012c000 	/usr/lib/libcharset.1.dylib
0x000000000012c000 	/System/Library/Frameworks/CoreServices.framework/Versions/A/Frameworks/FSEvents.framework/Versions/A/FSEvents
0x000000000012c000 	/System/Library/Frameworks/CoreServices.framework/Versions/A/Frameworks/CarbonCore.framework/Versions/A/CarbonCore
0x000000000012c000 	/System/Library/Frameworks/CoreServices.framework/Versions/A/Frameworks/Metadata.framework/Versions/A/Metadata
0x000000000012c000 	/System/Library/Frameworks/CoreServices.framework/Versions/A/Frameworks/OSServices.framework/Versions/A/OSServices
0x000000000012c000 	/System/Library/Frameworks/CoreServices.framework/Versions/A/Frameworks/SearchKit.framework/Versions/A/SearchKit
0x000000000012c000 	/System/Library/Frameworks/CoreServices.framework/Versions/A/Frameworks/AE.framework/Versions/A/AE
0x000000000012c000 	/System/Library/Frameworks/CoreServices.framework/Versions/A/Frameworks/LaunchServices.framework/Versions/A/LaunchServices
0x000000000012c000 	/System/Library/Frameworks/CoreServices.framework/Versions/A/Frameworks/DictionaryServices.framework/Versions/A/DictionaryServices
0x000000000012c000 	/System/Library/Frameworks/CoreServices.framework/Versions/A/Frameworks/SharedFileList.framework/Versions/A/SharedFileList
0x000000000012c000 	/usr/lib/libCheckFix.dylib
0x000000000012c000 	/System/Library/PrivateFrameworks/TCC.framework/Versions/A/TCC
0x000000000012c000 	/System/Library/PrivateFrameworks/CoreNLP.framework/Versions/A/CoreNLP
0x000000000012c000 	/System/Library/PrivateFrameworks/MetadataUtilities.framework/Versions/A/MetadataUtilities
0x000000000012c000 	/usr/lib/libmecabra.dylib
0x000000000012c000 	/System/Library/Frameworks/MLCompute.framework/Versions/A/MLCompute
0x000000000012c000 	/usr/lib/libmecab.dylib
0x000000000012c000 	/usr/lib/libgermantok.dylib
0x000000000012c000 	/usr/lib/libThaiTokenizer.dylib
0x000000000012c000 	/usr/lib/libChineseTokenizer.dylib
0x000000000012c000 	/System/Library/Frameworks/MetalPerformanceShaders.framework/Versions/A/MetalPerformanceShaders
0x000000000012c000 	/System/Library/Frameworks/Accelerate.framework/Versions/A/Frameworks/vImage.framework/Versions/A/vImage
0x000000000012c000 	/System/Library/Frameworks/Accelerate.framework/Versions/A/Frameworks/vecLib.framework/Versions/A/vecLib
0x000000000012c000 	/System/Library/Frameworks/Accelerate.framework/Versions/A/Frameworks/vecLib.framework/Versions/A/libvMisc.dylib
0x000000000012c000 	/System/Library/Frameworks/Accelerate.framework/Versions/A/Frameworks/vecLib.framework/Versions/A/libvDSP.dylib
0x000000000012c000 	/System/Library/Frameworks/Accelerate.framework/Versions/A/Frameworks/vecLib.framework/Versions/A/libBLAS.dylib
0x000000000012c000 	/System/Library/Frameworks/Accelerate.framework/Versions/A/Frameworks/vecLib.framework/Versions/A/libLAPACK.dylib
0x000000000012c000 	/System/Library/Frameworks/Accelerate.framework/Versions/A/Frameworks/vecLib.framework/Versions/A/libLinearAlgebra.dylib
0x000000000012c000 	/System/Library/Frameworks/Accelerate.framework/Versions/A/Frameworks/vecLib.framework/Versions/A/libSparseBLAS.dylib
0x000000000012c000 	/System/Library/Frameworks/Accelerate.framework/Versions/A/Frameworks/vecLib.framework/Versions/A/libQuadrature.dylib
0x000000000012c000 	/System/Library/Frameworks/Accelerate.framework/Versions/A/Frameworks/vecLib.framework/Versions/A/libBNNS.dylib
0x000000000012c000 	/System/Library/Frameworks/Accelerate.framework/Versions/A/Frameworks/vecLib.framework/Versions/A/libSparse.dylib
0x000000000012c000 	/System/Library/Frameworks/MetalPerformanceShaders.framework/Versions/A/Frameworks/MPSCore.framework/Versions/A/MPSCore
0x000000000012c000 	/System/Library/Frameworks/MetalPerformanceShaders.framework/Versions/A/Frameworks/MPSImage.framework/Versions/A/MPSImage
0x000000000012c000 	/System/Library/Frameworks/MetalPerformanceShaders.framework/Versions/A/Frameworks/MPSNeuralNetwork.framework/Versions/A/MPSNeuralNetwork
0x000000000012c000 	/System/Library/Frameworks/MetalPerformanceShaders.framework/Versions/A/Frameworks/MPSMatrix.framework/Versions/A/MPSMatrix
0x000000000012c000 	/System/Library/Frameworks/MetalPerformanceShaders.framework/Versions/A/Frameworks/MPSRayIntersector.framework/Versions/A/MPSRayIntersector
0x000000000012c000 	/System/Library/Frameworks/MetalPerformanceShaders.framework/Versions/A/Frameworks/MPSNDArray.framework/Versions/A/MPSNDArray
0x000000000012c000 	/System/Library/PrivateFrameworks/MetalTools.framework/Versions/A/MetalTools
0x000000000012c000 	/System/Library/PrivateFrameworks/AggregateDictionary.framework/Versions/A/AggregateDictionary
0x000000000012c000 	/System/Library/PrivateFrameworks/CoreAnalytics.framework/Versions/A/CoreAnalytics
0x000000000012c000 	/System/Library/PrivateFrameworks/AppleSauce.framework/Versions/A/AppleSauce
0x000000000012c000 	/System/Library/PrivateFrameworks/IOAccelerator.framework/Versions/A/IOAccelerator
0x000000000012c000 	/System/Library/Frameworks/OpenGL.framework/Versions/A/Libraries/libCoreFSCache.dylib
0x000000000012c000 	/System/Library/PrivateFrameworks/LanguageModeling.framework/Versions/A/LanguageModeling
0x000000000012c000 	/System/Library/PrivateFrameworks/CoreEmoji.framework/Versions/A/CoreEmoji
0x000000000012c000 	/System/Library/PrivateFrameworks/LinguisticData.framework/Versions/A/LinguisticData
0x000000000012c000 	/System/Library/PrivateFrameworks/Lexicon.framework/Versions/A/Lexicon
0x000000000012c000 	/usr/lib/libcmph.dylib
0x000000000012c000 	/System/Library/Frameworks/OpenDirectory.framework/Versions/A/Frameworks/CFOpenDirectory.framework/Versions/A/CFOpenDirectory
0x000000000012c000 	/System/Library/Frameworks/OpenDirectory.framework/Versions/A/OpenDirectory
0x000000000012c000 	/System/Library/PrivateFrameworks/APFS.framework/Versions/A/APFS
0x000000000012c000 	/System/Library/Frameworks/SecurityFoundation.framework/Versions/A/SecurityFoundation
0x000000000012c000 	/usr/lib/libutil.dylib
0x000000000012c000 	/System/Library/PrivateFrameworks/CoreServicesStore.framework/Versions/A/CoreServicesStore
0x000000000012c000 	/System/Library/Frameworks/ServiceManagement.framework/Versions/A/ServiceManagement
0x000000000012c000 	/usr/lib/libxslt.1.dylib
0x000000000012c000 	/System/Library/PrivateFrameworks/BackgroundTaskManagement.framework/Versions/A/BackgroundTaskManagement
0x000000000012c000 	/System/Library/Frameworks/ImageIO.framework/Versions/A/Resources/libRadiance.dylib
0x000000000012c000 	/System/Library/Frameworks/ImageIO.framework/Versions/A/Resources/libJPEG.dylib
0x000000000012c000 	/System/Library/Frameworks/ImageIO.framework/Versions/A/Resources/libPng.dylib
0x000000000012c000 	/System/Library/Frameworks/ImageIO.framework/Versions/A/Resources/libTIFF.dylib
0x000000000012c000 	/System/Library/Frameworks/ImageIO.framework/Versions/A/Resources/libGIF.dylib
0x000000000012c000 	/System/Library/Frameworks/ImageIO.framework/Versions/A/Resources/libJP2.dylib
0x000000000012c000 	/usr/lib/libexpat.1.dylib
0x000000000012c000 	/System/Library/PrivateFrameworks/AppleJPEG.framework/Versions/A/AppleJPEG
0x000000000012c000 	/System/Library/PrivateFrameworks/FontServices.framework/libFontParser.dylib
0x000000000012c000 	/System/Library/PrivateFrameworks/RunningBoardServices.framework/Versions/A/RunningBoardServices
0x000000000012c000 	/System/Library/PrivateFrameworks/WatchdogClient.framework/Versions/A/WatchdogClient
0x000000000012c000 	/System/Library/Frameworks/CoreDisplay.framework/Versions/A/CoreDisplay
0x000000000012c000 	/System/Library/Frameworks/CoreMedia.framework/Versions/A/CoreMedia
0x000000000012c000 	/System/Library/Frameworks/CoreVideo.framework/Versions/A/CoreVideo
0x000000000012c000 	/System/Library/Frameworks/VideoToolbox.framework/Versions/A/VideoToolbox
0x000000000012c000 	/System/Library/PrivateFrameworks/BaseBoard.framework/Versions/A/BaseBoard
0x000000000012c000 	/System/Library/PrivateFrameworks/PersistentConnection.framework/Versions/A/PersistentConnection
0x000000000012c000 	/System/Library/PrivateFrameworks/ProtocolBuffer.framework/Versions/A/ProtocolBuffer
0x000000000012c000 	/System/Library/PrivateFrameworks/CommonUtilities.framework/Versions/A/CommonUtilities
0x000000000012c000 	/System/Library/PrivateFrameworks/Bom.framework/Versions/A/Bom
0x000000000012c000 	/System/Library/PrivateFrameworks/GPUWrangler.framework/Versions/A/GPUWrangler
0x000000000012c000 	/System/Library/PrivateFrameworks/IOPresentment.framework/Versions/A/IOPresentment
0x000000000012c000 	/System/Library/PrivateFrameworks/DSExternalDisplay.framework/Versions/A/DSExternalDisplay
0x000000000012c000 	/System/Library/PrivateFrameworks/CMCaptureCore.framework/Versions/A/CMCaptureCore
0x000000000012c000 	/System/Library/PrivateFrameworks/AppServerSupport.framework/Versions/A/AppServerSupport
0x000000000012c000 	/System/Library/PrivateFrameworks/perfdata.framework/Versions/A/perfdata
0x000000000012c000 	/System/Library/PrivateFrameworks/AssertionServices.framework/Versions/A/AssertionServices
0x000000000012c000 	/System/Library/PrivateFrameworks/AudioToolboxCore.framework/Versions/A/AudioToolboxCore
0x000000000012c000 	/System/Library/PrivateFrameworks/caulk.framework/Versions/A/caulk
0x000000000012c000 	/System/Library/PrivateFrameworks/SystemPolicy.framework/Versions/A/SystemPolicy
0x000000000012c000 	/usr/lib/libIOReport.dylib
0x000000000012c000 	/usr/lib/libSMC.dylib
0x000000000012c000 	/usr/lib/libAudioToolboxUtility.dylib
0x000000000012c000 	/usr/lib/libmis.dylib
0x000000000012c000 	/System/Library/Frameworks/OpenGL.framework/Versions/A/Libraries/libGLU.dylib
0x000000000012c000 	/System/Library/Frameworks/OpenGL.framework/Versions/A/Libraries/libGFXShared.dylib
0x000000000012c000 	/System/Library/Frameworks/OpenGL.framework/Versions/A/Libraries/libGL.dylib
0x000000000012c000 	/System/Library/Frameworks/OpenGL.framework/Versions/A/Libraries/libGLImage.dylib
0x000000000012c000 	/System/Library/Frameworks/OpenGL.framework/Versions/A/Libraries/libCVMSPluginSupport.dylib
0x000000000012c000 	/System/Library/Frameworks/OpenGL.framework/Versions/A/Libraries/libCoreVMClient.dylib
0x000000000012c000 	/System/Library/Frameworks/OpenCL.framework/Versions/A/OpenCL
0x000000000012c000 	/System/Library/PrivateFrameworks/GraphVisualizer.framework/Versions/A/GraphVisualizer
0x000000000012c000 	/System/Library/PrivateFrameworks/FaceCore.framework/Versions/A/FaceCore
0x000000000012c000 	/System/Library/PrivateFrameworks/OTSVG.framework/Versions/A/OTSVG
0x000000000012c000 	/System/Library/Frameworks/ApplicationServices.framework/Versions/A/Frameworks/ATS.framework/Versions/A/Resources/libFontRegistry.dylib
0x000000000012c000 	/System/Library/PrivateFrameworks/FontServices.framework/libhvf.dylib
0x000000000012c000 	/System/Library/PrivateFrameworks/AppleVA.framework/Versions/A/AppleVA
0x000000000012c000 	/System/Library/Frameworks/ApplicationServices.framework/Versions/A/Frameworks/ATS.framework/Versions/A/ATS
0x000000000012c000 	/System/Library/Frameworks/ApplicationServices.framework/Versions/A/Frameworks/ColorSyncLegacy.framework/Versions/A/ColorSyncLegacy
0x000000000012c000 	/System/Library/Frameworks/ApplicationServices.framework/Versions/A/Frameworks/HIServices.framework/Versions/A/HIServices
0x000000000012c000 	/System/Library/Frameworks/ApplicationServices.framework/Versions/A/Frameworks/LangAnalysis.framework/Versions/A/LangAnalysis
0x000000000012c000 	/System/Library/Frameworks/ApplicationServices.framework/Versions/A/Frameworks/PrintCore.framework/Versions/A/PrintCore
0x000000000012c000 	/System/Library/Frameworks/ApplicationServices.framework/Versions/A/Frameworks/QD.framework/Versions/A/QD
0x000000000012c000 	/System/Library/Frameworks/ApplicationServices.framework/Versions/A/Frameworks/SpeechSynthesis.framework/Versions/A/SpeechSynthesis
0x000000000012c000 	/System/Library/Frameworks/ApplicationServices.framework/Versions/A/Frameworks/ATSUI.framework/Versions/A/ATSUI
0x000000000012c000 	/usr/lib/libcups.2.dylib
0x000000000012c000 	/System/Library/PrivateFrameworks/NetAuth.framework/Versions/A/NetAuth
0x000000000012c000 	/System/Library/Frameworks/Kerberos.framework/Versions/A/Kerberos
0x000000000012c000 	/System/Library/Frameworks/GSS.framework/Versions/A/GSS
0x000000000012c000 	/usr/lib/libresolv.9.dylib
0x000000000012c000 	/System/Library/PrivateFrameworks/Heimdal.framework/Versions/A/Heimdal
0x000000000012c000 	/System/Library/Frameworks/Kerberos.framework/Versions/A/Libraries/libHeimdalProxy.dylib
0x000000000012c000 	/System/Library/Frameworks/Network.framework/Versions/A/Network
0x000000000012c000 	/usr/lib/libheimdal-asn1.dylib
0x000000000012c000 	/System/Library/PrivateFrameworks/CommonAuth.framework/Versions/A/CommonAuth
0x000000000012c000 	/System/Library/PrivateFrameworks/login.framework/Versions/A/Frameworks/loginsupport.framework/Versions/A/loginsupport
0x000000000012c000 	/System/Library/PrivateFrameworks/AudioSession.framework/Versions/A/AudioSession
0x000000000012c000 	/usr/lib/libAudioStatistics.dylib
0x000000000012c000 	/System/Library/PrivateFrameworks/MediaExperience.framework/Versions/A/MediaExperience
0x000000000012c000 	/System/Library/PrivateFrameworks/AudioSession.framework/libSessionUtility.dylib
0x000000000012c000 	/usr/lib/libperfcheck.dylib
0x000000000012c000 	/System/Library/PrivateFrameworks/AudioResourceArbitration.framework/Versions/A/AudioResourceArbitration
0x000000000012c000 	/System/Library/PrivateFrameworks/IconFoundation.framework/Versions/A/IconFoundation
0x000000000012c000 	/System/Library/PrivateFrameworks/SpeechRecognitionCore.framework/Versions/A/SpeechRecognitionCore
0x000000000012c000 	/System/Library/CoreServices/Encodings/libSimplifiedChineseConverter.dylib
0x0000000103800000 	/Library/Java/JavaVirtualMachines/jdk1.8.0_45.jdk/Contents/Home/jre/lib/server/libjvm.dylib
0x000000000012c000 	/usr/lib/libstdc++.6.dylib
0x00000001015b8000 	/Library/Java/JavaVirtualMachines/jdk1.8.0_45.jdk/Contents/Home/jre/lib/libverify.dylib
0x00000001015c6000 	/Library/Java/JavaVirtualMachines/jdk1.8.0_45.jdk/Contents/Home/jre/lib/libjava.dylib
0x0000000101645000 	/Library/Java/JavaVirtualMachines/jdk1.8.0_45.jdk/Contents/Home/jre/lib/libzip.dylib
0x000000000012c000 	/System/Library/Frameworks/JavaRuntimeSupport.framework/Versions/A/JavaRuntimeSupport
0x000000000012c000 	/System/Library/Frameworks/Carbon.framework/Versions/A/Carbon
0x000000000012c000 	/System/Library/PrivateFrameworks/CoreSymbolication.framework/Versions/A/CoreSymbolication
0x000000000012c000 	/System/Library/Frameworks/Carbon.framework/Versions/A/Frameworks/CommonPanels.framework/Versions/A/CommonPanels
0x000000000012c000 	/System/Library/Frameworks/Carbon.framework/Versions/A/Frameworks/Help.framework/Versions/A/Help
0x000000000012c000 	/System/Library/Frameworks/Carbon.framework/Versions/A/Frameworks/ImageCapture.framework/Versions/A/ImageCapture
0x000000000012c000 	/System/Library/Frameworks/Carbon.framework/Versions/A/Frameworks/OpenScripting.framework/Versions/A/OpenScripting
0x000000000012c000 	/System/Library/Frameworks/Carbon.framework/Versions/A/Frameworks/Ink.framework/Versions/A/Ink
0x000000000012c000 	/System/Library/Frameworks/Carbon.framework/Versions/A/Frameworks/Print.framework/Versions/A/Print
0x000000000012c000 	/System/Library/Frameworks/Carbon.framework/Versions/A/Frameworks/SecurityHI.framework/Versions/A/SecurityHI
0x000000000012c000 	/System/Library/PrivateFrameworks/DebugSymbols.framework/Versions/A/DebugSymbols
0x0000000108b68000 	/Library/Java/JavaVirtualMachines/jdk1.8.0_45.jdk/Contents/Home/jre/lib/libnet.dylib
0x0000000108b7f000 	/Library/Java/JavaVirtualMachines/jdk1.8.0_45.jdk/Contents/Home/jre/lib/libnio.dylib
0x0000000108b8f000 	/Users/chenjpu/.gradle/native/e1d6ef7f7dcc3fd88c89a11ec53ec762bb8ba0a96d01ffa2cd45eb1d1d8dd5c5/osx-amd64/libnative-platform.dylib
0x0000000108b96000 	/Users/chenjpu/.gradle/native/5664cfc778a61ccfe75a443a1ab52a65af34e5dc3c78e0209fed803814484fcb/osx-amd64/libnative-platform-file-events.dylib
0x0000000108f0f000 	/Library/Java/JavaVirtualMachines/jdk1.8.0_45.jdk/Contents/Home/jre/lib/libmanagement.dylib

VM Arguments:
jvm_args: -XX:MaxMetaspaceSize=256m -XX:+HeapDumpOnOutOfMemoryError -Xms256m -Xmx512m -Dfile.encoding=UTF-8 -Duser.country=CN -Duser.language=zh -Duser.variant 
java_command: org.gradle.launcher.daemon.bootstrap.GradleDaemon 7.2
java_class_path (initial): /Users/chenjpu/.gradle/wrapper/dists/gradle-7.2-bin/2dnblmf4td7x66yl1d74lt32g/gradle-7.2/lib/gradle-launcher-7.2.jar
Launcher Type: SUN_STANDARD

Environment Variables:
PATH=/usr/local/opt/redis@4.0/bin:/Users/chenjpu/.sdkman/candidates/micronaut/current/bin:/Users/chenjpu/.cargo/bin:/usr/local/bin:/usr/bin:/bin:/usr/sbin:/sbin:/usr/local/go/bin
SHELL=/bin/zsh

Signal Handlers:
SIGSEGV: [libjvm.dylib+0x58ef95], sa_mask[0]=11111111011111110111111111111111, sa_flags=SA_ONSTACK|SA_RESTART|SA_SIGINFO
SIGBUS: [libjvm.dylib+0x58ef95], sa_mask[0]=11111111011111110111111111111111, sa_flags=SA_RESTART|SA_SIGINFO
SIGFPE: [libjvm.dylib+0x46c108], sa_mask[0]=11111111011111110111111111111111, sa_flags=SA_RESTART|SA_SIGINFO
SIGPIPE: [libjvm.dylib+0x46c108], sa_mask[0]=11111111011111110111111111111111, sa_flags=SA_RESTART|SA_SIGINFO
SIGXFSZ: [libjvm.dylib+0x46c108], sa_mask[0]=11111111011111110111111111111111, sa_flags=SA_RESTART|SA_SIGINFO
SIGILL: [libjvm.dylib+0x46c108], sa_mask[0]=11111111011111110111111111111111, sa_flags=SA_RESTART|SA_SIGINFO
SIGUSR1: SIG_DFL, sa_mask[0]=00000000000000000000000000000000, sa_flags=SA_RESTART
SIGUSR2: [libjvm.dylib+0x46bc26], sa_mask[0]=00100000000000000000000000000000, sa_flags=SA_RESTART|SA_SIGINFO
SIGHUP: [libjvm.dylib+0x46a1f9], sa_mask[0]=11111111011111110111111111111111, sa_flags=SA_RESTART|SA_SIGINFO
SIGINT: [libjvm.dylib+0x46a1f9], sa_mask[0]=11111111011111110111111111111111, sa_flags=SA_RESTART|SA_SIGINFO
SIGTERM: [libjvm.dylib+0x46a1f9], sa_mask[0]=11111111011111110111111111111111, sa_flags=SA_RESTART|SA_SIGINFO
SIGQUIT: [libjvm.dylib+0x46a1f9], sa_mask[0]=11111111011111110111111111111111, sa_flags=SA_RESTART|SA_SIGINFO


---------------  S Y S T E M  ---------------

OS:Bsduname:Darwin 20.6.0 Darwin Kernel Version 20.6.0: Wed Jun 23 00:26:31 PDT 2021; root:xnu-7195.141.2~5/RELEASE_X86_64 x86_64
rlimit: STACK 8192k, CORE 0k, NPROC 1392, NOFILE 10240, AS infinity
load average:10.39 6.68 4.95

CPU:total 4 (2 cores per cpu, 2 threads per core) family 6 model 61 stepping 4, cmov, cx8, fxsr, mmx, sse, sse2, sse3, ssse3, sse4.1, sse4.2, popcnt, avx, avx2, aes, clmul, erms, 3dnowpref, lzcnt, ht, tsc, tscinvbit, bmi1, bmi2, adx

Memory: 4k page, physical 8388608k(33316k free)

/proc/meminfo:


vm_info: Java HotSpot(TM) 64-Bit Server VM (25.45-b02) for bsd-amd64 JRE (1.8.0_45-b14), built on Apr 10 2015 10:46:38 by "java_re" with gcc 4.2.1 (Based on Apple Inc. build 5658) (LLVM build 2336.11.00)

time: Fri Sep 10 14:52:44 2021
elapsed time: 683 seconds (0d 0h 11m 23s)

